{"C:\\Users\\david\\Downloads\\ScaryJubilantParallelprocessing\\ScaryJubilantParallelprocessing\\server.js": {"path":"C:\\Users\\david\\Downloads\\ScaryJubilantParallelprocessing\\ScaryJubilantParallelprocessing\\server.js","all":false,"statementMap":{"0":{"start":{"line":1,"column":0},"end":{"line":1,"column":30}},"8":{"start":{"line":9,"column":0},"end":{"line":9,"column":47}},"9":{"start":{"line":10,"column":0},"end":{"line":10,"column":38}},"11":{"start":{"line":12,"column":0},"end":{"line":12,"column":22}},"12":{"start":{"line":13,"column":0},"end":{"line":13,"column":41}},"13":{"start":{"line":14,"column":0},"end":{"line":14,"column":29}},"14":{"start":{"line":15,"column":0},"end":{"line":15,"column":33}},"15":{"start":{"line":16,"column":0},"end":{"line":16,"column":35}},"16":{"start":{"line":17,"column":0},"end":{"line":17,"column":43}},"17":{"start":{"line":18,"column":0},"end":{"line":18,"column":9}},"18":{"start":{"line":19,"column":0},"end":{"line":19,"column":3}},"20":{"start":{"line":21,"column":0},"end":{"line":21,"column":56}},"21":{"start":{"line":22,"column":0},"end":{"line":22,"column":37}},"22":{"start":{"line":23,"column":0},"end":{"line":23,"column":65}},"24":{"start":{"line":25,"column":0},"end":{"line":25,"column":66}},"25":{"start":{"line":26,"column":0},"end":{"line":26,"column":103}},"26":{"start":{"line":27,"column":0},"end":{"line":27,"column":58}},"27":{"start":{"line":28,"column":0},"end":{"line":28,"column":39}},"28":{"start":{"line":29,"column":0},"end":{"line":29,"column":2}},"30":{"start":{"line":31,"column":0},"end":{"line":31,"column":97}},"32":{"start":{"line":33,"column":0},"end":{"line":33,"column":66}},"33":{"start":{"line":34,"column":0},"end":{"line":34,"column":46}},"34":{"start":{"line":35,"column":0},"end":{"line":35,"column":95}},"35":{"start":{"line":36,"column":0},"end":{"line":36,"column":5}},"36":{"start":{"line":37,"column":0},"end":{"line":37,"column":51}},"37":{"start":{"line":38,"column":0},"end":{"line":38,"column":2}},"39":{"start":{"line":40,"column":0},"end":{"line":40,"column":71}},"40":{"start":{"line":41,"column":0},"end":{"line":41,"column":18}},"41":{"start":{"line":42,"column":0},"end":{"line":42,"column":30}},"42":{"start":{"line":43,"column":0},"end":{"line":43,"column":9}},"43":{"start":{"line":44,"column":0},"end":{"line":44,"column":41}},"44":{"start":{"line":45,"column":0},"end":{"line":45,"column":62}},"45":{"start":{"line":46,"column":0},"end":{"line":46,"column":25}},"46":{"start":{"line":47,"column":0},"end":{"line":47,"column":20}},"47":{"start":{"line":48,"column":0},"end":{"line":48,"column":47}},"48":{"start":{"line":49,"column":0},"end":{"line":49,"column":43}},"49":{"start":{"line":50,"column":0},"end":{"line":50,"column":46}},"50":{"start":{"line":51,"column":0},"end":{"line":51,"column":54}},"51":{"start":{"line":52,"column":0},"end":{"line":52,"column":12}},"52":{"start":{"line":53,"column":0},"end":{"line":53,"column":37}},"53":{"start":{"line":54,"column":0},"end":{"line":54,"column":11}},"54":{"start":{"line":55,"column":0},"end":{"line":55,"column":17}},"55":{"start":{"line":56,"column":0},"end":{"line":56,"column":8}},"56":{"start":{"line":57,"column":0},"end":{"line":57,"column":22}},"57":{"start":{"line":58,"column":0},"end":{"line":58,"column":21}},"58":{"start":{"line":59,"column":0},"end":{"line":59,"column":43}},"59":{"start":{"line":60,"column":0},"end":{"line":60,"column":19}},"60":{"start":{"line":61,"column":0},"end":{"line":61,"column":5}},"61":{"start":{"line":62,"column":0},"end":{"line":62,"column":3}},"62":{"start":{"line":63,"column":0},"end":{"line":63,"column":45}},"63":{"start":{"line":64,"column":0},"end":{"line":64,"column":2}},"65":{"start":{"line":66,"column":0},"end":{"line":66,"column":43}},"66":{"start":{"line":67,"column":0},"end":{"line":67,"column":27}},"67":{"start":{"line":68,"column":0},"end":{"line":68,"column":111}},"68":{"start":{"line":69,"column":0},"end":{"line":69,"column":3}},"70":{"start":{"line":71,"column":0},"end":{"line":71,"column":103}},"71":{"start":{"line":72,"column":0},"end":{"line":72,"column":81}},"72":{"start":{"line":73,"column":0},"end":{"line":73,"column":3}},"74":{"start":{"line":75,"column":0},"end":{"line":75,"column":62}},"76":{"start":{"line":77,"column":0},"end":{"line":77,"column":27}},"77":{"start":{"line":78,"column":0},"end":{"line":78,"column":70}},"79":{"start":{"line":80,"column":0},"end":{"line":80,"column":80}},"80":{"start":{"line":81,"column":0},"end":{"line":81,"column":67}},"81":{"start":{"line":82,"column":0},"end":{"line":82,"column":41}},"82":{"start":{"line":83,"column":0},"end":{"line":83,"column":109}},"83":{"start":{"line":84,"column":0},"end":{"line":84,"column":31}},"84":{"start":{"line":85,"column":0},"end":{"line":85,"column":16}},"85":{"start":{"line":86,"column":0},"end":{"line":86,"column":73}},"89":{"start":{"line":90,"column":0},"end":{"line":90,"column":15}},"93":{"start":{"line":94,"column":0},"end":{"line":94,"column":19}},"94":{"start":{"line":95,"column":0},"end":{"line":95,"column":8}},"95":{"start":{"line":96,"column":0},"end":{"line":96,"column":5}},"96":{"start":{"line":97,"column":0},"end":{"line":97,"column":3}},"98":{"start":{"line":99,"column":0},"end":{"line":99,"column":51}},"99":{"start":{"line":100,"column":0},"end":{"line":100,"column":76}},"100":{"start":{"line":101,"column":0},"end":{"line":101,"column":44}},"101":{"start":{"line":102,"column":0},"end":{"line":102,"column":30}},"102":{"start":{"line":103,"column":0},"end":{"line":103,"column":94}},"103":{"start":{"line":104,"column":0},"end":{"line":104,"column":41}},"104":{"start":{"line":105,"column":0},"end":{"line":105,"column":71}},"105":{"start":{"line":106,"column":0},"end":{"line":106,"column":19}},"107":{"start":{"line":108,"column":0},"end":{"line":108,"column":93}},"108":{"start":{"line":109,"column":0},"end":{"line":109,"column":41}},"109":{"start":{"line":110,"column":0},"end":{"line":110,"column":58}},"110":{"start":{"line":111,"column":0},"end":{"line":111,"column":22}},"111":{"start":{"line":112,"column":0},"end":{"line":112,"column":37}},"112":{"start":{"line":113,"column":0},"end":{"line":113,"column":75}},"113":{"start":{"line":114,"column":0},"end":{"line":114,"column":41}},"115":{"start":{"line":116,"column":0},"end":{"line":116,"column":53}},"116":{"start":{"line":117,"column":0},"end":{"line":117,"column":22}},"117":{"start":{"line":118,"column":0},"end":{"line":118,"column":17}},"118":{"start":{"line":119,"column":0},"end":{"line":119,"column":25}},"119":{"start":{"line":120,"column":0},"end":{"line":120,"column":35}},"120":{"start":{"line":121,"column":0},"end":{"line":121,"column":26}},"121":{"start":{"line":122,"column":0},"end":{"line":122,"column":9}},"122":{"start":{"line":123,"column":0},"end":{"line":123,"column":10}},"124":{"start":{"line":125,"column":0},"end":{"line":125,"column":62}},"126":{"start":{"line":127,"column":0},"end":{"line":127,"column":66}},"127":{"start":{"line":128,"column":0},"end":{"line":128,"column":5}},"128":{"start":{"line":129,"column":0},"end":{"line":129,"column":3}},"130":{"start":{"line":131,"column":0},"end":{"line":131,"column":46}},"131":{"start":{"line":132,"column":0},"end":{"line":132,"column":110}},"132":{"start":{"line":133,"column":0},"end":{"line":133,"column":91}},"134":{"start":{"line":135,"column":0},"end":{"line":135,"column":7}},"135":{"start":{"line":136,"column":0},"end":{"line":136,"column":71}},"136":{"start":{"line":137,"column":0},"end":{"line":137,"column":57}},"138":{"start":{"line":139,"column":0},"end":{"line":139,"column":32}},"139":{"start":{"line":140,"column":0},"end":{"line":140,"column":46}},"140":{"start":{"line":141,"column":0},"end":{"line":141,"column":95}},"141":{"start":{"line":142,"column":0},"end":{"line":142,"column":34}},"142":{"start":{"line":143,"column":0},"end":{"line":143,"column":7}},"143":{"start":{"line":144,"column":0},"end":{"line":144,"column":7}},"145":{"start":{"line":146,"column":0},"end":{"line":146,"column":25}},"146":{"start":{"line":147,"column":0},"end":{"line":147,"column":86}},"147":{"start":{"line":148,"column":0},"end":{"line":148,"column":5}},"149":{"start":{"line":150,"column":0},"end":{"line":150,"column":45}},"150":{"start":{"line":151,"column":0},"end":{"line":151,"column":30}},"151":{"start":{"line":152,"column":0},"end":{"line":152,"column":20}},"152":{"start":{"line":153,"column":0},"end":{"line":153,"column":52}},"153":{"start":{"line":154,"column":0},"end":{"line":154,"column":39}},"154":{"start":{"line":155,"column":0},"end":{"line":155,"column":25}},"155":{"start":{"line":156,"column":0},"end":{"line":156,"column":7}},"156":{"start":{"line":157,"column":0},"end":{"line":157,"column":6}},"157":{"start":{"line":158,"column":0},"end":{"line":158,"column":25}},"158":{"start":{"line":159,"column":0},"end":{"line":159,"column":94}},"159":{"start":{"line":160,"column":0},"end":{"line":160,"column":16}},"160":{"start":{"line":161,"column":0},"end":{"line":161,"column":7}},"161":{"start":{"line":162,"column":0},"end":{"line":162,"column":17}},"162":{"start":{"line":163,"column":0},"end":{"line":163,"column":91}},"163":{"start":{"line":164,"column":0},"end":{"line":164,"column":74}},"164":{"start":{"line":165,"column":0},"end":{"line":165,"column":3}},"165":{"start":{"line":166,"column":0},"end":{"line":166,"column":3}},"167":{"start":{"line":168,"column":0},"end":{"line":168,"column":47}},"168":{"start":{"line":169,"column":0},"end":{"line":169,"column":27}},"169":{"start":{"line":170,"column":0},"end":{"line":170,"column":79}},"170":{"start":{"line":171,"column":0},"end":{"line":171,"column":3}},"172":{"start":{"line":173,"column":0},"end":{"line":173,"column":108}},"173":{"start":{"line":174,"column":0},"end":{"line":174,"column":59}},"174":{"start":{"line":175,"column":0},"end":{"line":175,"column":106}},"176":{"start":{"line":177,"column":0},"end":{"line":177,"column":143}},"178":{"start":{"line":179,"column":0},"end":{"line":179,"column":31}},"179":{"start":{"line":180,"column":0},"end":{"line":180,"column":30}},"180":{"start":{"line":181,"column":0},"end":{"line":181,"column":30}},"183":{"start":{"line":184,"column":0},"end":{"line":184,"column":8}},"237":{"start":{"line":238,"column":0},"end":{"line":238,"column":113}},"239":{"start":{"line":240,"column":0},"end":{"line":240,"column":7}},"240":{"start":{"line":241,"column":0},"end":{"line":241,"column":57}},"241":{"start":{"line":242,"column":0},"end":{"line":242,"column":42}},"242":{"start":{"line":243,"column":0},"end":{"line":243,"column":34}},"243":{"start":{"line":244,"column":0},"end":{"line":244,"column":25}},"244":{"start":{"line":245,"column":0},"end":{"line":245,"column":91}},"245":{"start":{"line":246,"column":0},"end":{"line":246,"column":57}},"246":{"start":{"line":247,"column":0},"end":{"line":247,"column":19}},"248":{"start":{"line":249,"column":0},"end":{"line":249,"column":23}},"249":{"start":{"line":250,"column":0},"end":{"line":250,"column":41}},"250":{"start":{"line":251,"column":0},"end":{"line":251,"column":63}},"251":{"start":{"line":252,"column":0},"end":{"line":252,"column":5}},"253":{"start":{"line":254,"column":0},"end":{"line":254,"column":39}},"254":{"start":{"line":255,"column":0},"end":{"line":255,"column":79}},"256":{"start":{"line":257,"column":0},"end":{"line":257,"column":19}},"257":{"start":{"line":258,"column":0},"end":{"line":258,"column":9}},"258":{"start":{"line":259,"column":0},"end":{"line":259,"column":57}},"259":{"start":{"line":260,"column":0},"end":{"line":260,"column":63}},"260":{"start":{"line":261,"column":0},"end":{"line":261,"column":13}},"261":{"start":{"line":262,"column":0},"end":{"line":262,"column":24}},"262":{"start":{"line":263,"column":0},"end":{"line":263,"column":5}},"264":{"start":{"line":265,"column":0},"end":{"line":265,"column":22}},"265":{"start":{"line":266,"column":0},"end":{"line":266,"column":70}},"270":{"start":{"line":271,"column":0},"end":{"line":271,"column":16}},"271":{"start":{"line":272,"column":0},"end":{"line":272,"column":50}},"272":{"start":{"line":273,"column":0},"end":{"line":273,"column":36}},"273":{"start":{"line":274,"column":0},"end":{"line":274,"column":27}},"274":{"start":{"line":275,"column":0},"end":{"line":275,"column":93}},"275":{"start":{"line":276,"column":0},"end":{"line":276,"column":61}},"276":{"start":{"line":277,"column":0},"end":{"line":277,"column":21}},"277":{"start":{"line":278,"column":0},"end":{"line":278,"column":30}},"278":{"start":{"line":279,"column":0},"end":{"line":279,"column":55}},"279":{"start":{"line":280,"column":0},"end":{"line":280,"column":88}},"280":{"start":{"line":281,"column":0},"end":{"line":281,"column":13}},"281":{"start":{"line":282,"column":0},"end":{"line":282,"column":66}},"282":{"start":{"line":283,"column":0},"end":{"line":283,"column":79}},"283":{"start":{"line":284,"column":0},"end":{"line":284,"column":17}},"284":{"start":{"line":285,"column":0},"end":{"line":285,"column":28}},"285":{"start":{"line":286,"column":0},"end":{"line":286,"column":9}},"286":{"start":{"line":287,"column":0},"end":{"line":287,"column":7}},"287":{"start":{"line":288,"column":0},"end":{"line":288,"column":5}},"289":{"start":{"line":290,"column":0},"end":{"line":290,"column":22}},"290":{"start":{"line":291,"column":0},"end":{"line":291,"column":23}},"291":{"start":{"line":292,"column":0},"end":{"line":292,"column":17}},"292":{"start":{"line":293,"column":0},"end":{"line":293,"column":19}},"293":{"start":{"line":294,"column":0},"end":{"line":294,"column":73}},"294":{"start":{"line":295,"column":0},"end":{"line":295,"column":19}},"295":{"start":{"line":296,"column":0},"end":{"line":296,"column":92}},"296":{"start":{"line":297,"column":0},"end":{"line":297,"column":98}},"297":{"start":{"line":298,"column":0},"end":{"line":298,"column":25}},"298":{"start":{"line":299,"column":0},"end":{"line":299,"column":58}},"299":{"start":{"line":300,"column":0},"end":{"line":300,"column":25}},"300":{"start":{"line":301,"column":0},"end":{"line":301,"column":9}},"301":{"start":{"line":302,"column":0},"end":{"line":302,"column":5}},"303":{"start":{"line":304,"column":0},"end":{"line":304,"column":57}},"304":{"start":{"line":305,"column":0},"end":{"line":305,"column":86}},"305":{"start":{"line":306,"column":0},"end":{"line":306,"column":75}},"306":{"start":{"line":307,"column":0},"end":{"line":307,"column":110}},"307":{"start":{"line":308,"column":0},"end":{"line":308,"column":72}},"308":{"start":{"line":309,"column":0},"end":{"line":309,"column":78}},"309":{"start":{"line":310,"column":0},"end":{"line":310,"column":72}},"310":{"start":{"line":311,"column":0},"end":{"line":311,"column":24}},"311":{"start":{"line":312,"column":0},"end":{"line":312,"column":31}},"312":{"start":{"line":313,"column":0},"end":{"line":313,"column":67}},"313":{"start":{"line":314,"column":0},"end":{"line":314,"column":7}},"314":{"start":{"line":315,"column":0},"end":{"line":315,"column":25}},"315":{"start":{"line":316,"column":0},"end":{"line":316,"column":17}},"316":{"start":{"line":317,"column":0},"end":{"line":317,"column":96}},"317":{"start":{"line":318,"column":0},"end":{"line":318,"column":57}},"318":{"start":{"line":319,"column":0},"end":{"line":319,"column":3}},"319":{"start":{"line":320,"column":0},"end":{"line":320,"column":3}},"321":{"start":{"line":322,"column":0},"end":{"line":322,"column":56}},"322":{"start":{"line":323,"column":0},"end":{"line":323,"column":27}},"323":{"start":{"line":324,"column":0},"end":{"line":324,"column":79}},"324":{"start":{"line":325,"column":0},"end":{"line":325,"column":3}},"326":{"start":{"line":327,"column":0},"end":{"line":327,"column":117}},"327":{"start":{"line":328,"column":0},"end":{"line":328,"column":40}},"328":{"start":{"line":329,"column":0},"end":{"line":329,"column":113}},"329":{"start":{"line":330,"column":0},"end":{"line":330,"column":146}},"331":{"start":{"line":332,"column":0},"end":{"line":332,"column":57}},"332":{"start":{"line":333,"column":0},"end":{"line":333,"column":199}},"333":{"start":{"line":334,"column":0},"end":{"line":334,"column":9}},"335":{"start":{"line":336,"column":0},"end":{"line":336,"column":261}},"370":{"start":{"line":371,"column":0},"end":{"line":371,"column":68}},"374":{"start":{"line":375,"column":0},"end":{"line":375,"column":6}},"378":{"start":{"line":379,"column":0},"end":{"line":379,"column":7}},"379":{"start":{"line":380,"column":0},"end":{"line":380,"column":68}},"380":{"start":{"line":381,"column":0},"end":{"line":381,"column":42}},"381":{"start":{"line":382,"column":0},"end":{"line":382,"column":35}},"382":{"start":{"line":383,"column":0},"end":{"line":383,"column":25}},"383":{"start":{"line":384,"column":0},"end":{"line":384,"column":189}},"384":{"start":{"line":385,"column":0},"end":{"line":385,"column":61}},"385":{"start":{"line":386,"column":0},"end":{"line":386,"column":19}},"387":{"start":{"line":388,"column":0},"end":{"line":388,"column":23}},"388":{"start":{"line":389,"column":0},"end":{"line":389,"column":41}},"389":{"start":{"line":390,"column":0},"end":{"line":390,"column":63}},"390":{"start":{"line":391,"column":0},"end":{"line":391,"column":5}},"392":{"start":{"line":393,"column":0},"end":{"line":393,"column":39}},"393":{"start":{"line":394,"column":0},"end":{"line":394,"column":76}},"394":{"start":{"line":395,"column":0},"end":{"line":395,"column":27}},"395":{"start":{"line":396,"column":0},"end":{"line":396,"column":17}},"396":{"start":{"line":397,"column":0},"end":{"line":397,"column":55}},"397":{"start":{"line":398,"column":0},"end":{"line":398,"column":68}},"398":{"start":{"line":399,"column":0},"end":{"line":399,"column":3}},"399":{"start":{"line":400,"column":0},"end":{"line":400,"column":3}},"401":{"start":{"line":402,"column":0},"end":{"line":402,"column":49}},"402":{"start":{"line":403,"column":0},"end":{"line":403,"column":32}},"403":{"start":{"line":404,"column":0},"end":{"line":404,"column":7}},"404":{"start":{"line":405,"column":0},"end":{"line":405,"column":58}},"405":{"start":{"line":406,"column":0},"end":{"line":406,"column":30}},"406":{"start":{"line":407,"column":0},"end":{"line":407,"column":17}},"407":{"start":{"line":408,"column":0},"end":{"line":408,"column":71}},"408":{"start":{"line":409,"column":0},"end":{"line":409,"column":58}},"409":{"start":{"line":410,"column":0},"end":{"line":410,"column":3}},"410":{"start":{"line":411,"column":0},"end":{"line":411,"column":3}},"412":{"start":{"line":413,"column":0},"end":{"line":413,"column":50}},"413":{"start":{"line":414,"column":0},"end":{"line":414,"column":51}},"414":{"start":{"line":415,"column":0},"end":{"line":415,"column":80}},"415":{"start":{"line":416,"column":0},"end":{"line":416,"column":7}},"416":{"start":{"line":417,"column":0},"end":{"line":417,"column":109}},"417":{"start":{"line":418,"column":0},"end":{"line":418,"column":22}},"418":{"start":{"line":419,"column":0},"end":{"line":419,"column":17}},"419":{"start":{"line":420,"column":0},"end":{"line":420,"column":72}},"420":{"start":{"line":421,"column":0},"end":{"line":421,"column":58}},"421":{"start":{"line":422,"column":0},"end":{"line":422,"column":3}},"422":{"start":{"line":423,"column":0},"end":{"line":423,"column":3}},"424":{"start":{"line":425,"column":0},"end":{"line":425,"column":56}},"425":{"start":{"line":426,"column":0},"end":{"line":426,"column":7}},"426":{"start":{"line":427,"column":0},"end":{"line":427,"column":45}},"427":{"start":{"line":428,"column":0},"end":{"line":428,"column":27}},"428":{"start":{"line":429,"column":0},"end":{"line":429,"column":17}},"429":{"start":{"line":430,"column":0},"end":{"line":430,"column":74}},"430":{"start":{"line":431,"column":0},"end":{"line":431,"column":58}},"431":{"start":{"line":432,"column":0},"end":{"line":432,"column":3}},"432":{"start":{"line":433,"column":0},"end":{"line":433,"column":3}},"434":{"start":{"line":435,"column":0},"end":{"line":435,"column":43}},"435":{"start":{"line":436,"column":0},"end":{"line":436,"column":7}},"436":{"start":{"line":437,"column":0},"end":{"line":437,"column":39}},"437":{"start":{"line":438,"column":0},"end":{"line":438,"column":24}},"438":{"start":{"line":439,"column":0},"end":{"line":439,"column":17}},"439":{"start":{"line":440,"column":0},"end":{"line":440,"column":65}},"440":{"start":{"line":441,"column":0},"end":{"line":441,"column":58}},"441":{"start":{"line":442,"column":0},"end":{"line":442,"column":3}},"442":{"start":{"line":443,"column":0},"end":{"line":443,"column":3}},"444":{"start":{"line":445,"column":0},"end":{"line":445,"column":44}},"445":{"start":{"line":446,"column":0},"end":{"line":446,"column":62}},"446":{"start":{"line":447,"column":0},"end":{"line":447,"column":81}},"447":{"start":{"line":448,"column":0},"end":{"line":448,"column":7}},"448":{"start":{"line":449,"column":0},"end":{"line":449,"column":32}},"449":{"start":{"line":450,"column":0},"end":{"line":450,"column":25}},"450":{"start":{"line":451,"column":0},"end":{"line":451,"column":75}},"451":{"start":{"line":452,"column":0},"end":{"line":452,"column":5}},"452":{"start":{"line":453,"column":0},"end":{"line":453,"column":27}},"453":{"start":{"line":454,"column":0},"end":{"line":454,"column":17}},"454":{"start":{"line":455,"column":0},"end":{"line":455,"column":66}},"455":{"start":{"line":456,"column":0},"end":{"line":456,"column":58}},"456":{"start":{"line":457,"column":0},"end":{"line":457,"column":3}},"457":{"start":{"line":458,"column":0},"end":{"line":458,"column":3}},"459":{"start":{"line":460,"column":0},"end":{"line":460,"column":50}},"460":{"start":{"line":461,"column":0},"end":{"line":461,"column":7}},"461":{"start":{"line":462,"column":0},"end":{"line":462,"column":39}},"462":{"start":{"line":463,"column":0},"end":{"line":463,"column":27}},"463":{"start":{"line":464,"column":0},"end":{"line":464,"column":17}},"464":{"start":{"line":465,"column":0},"end":{"line":465,"column":68}},"465":{"start":{"line":466,"column":0},"end":{"line":466,"column":58}},"466":{"start":{"line":467,"column":0},"end":{"line":467,"column":3}},"467":{"start":{"line":468,"column":0},"end":{"line":468,"column":3}},"470":{"start":{"line":471,"column":0},"end":{"line":471,"column":56}},"471":{"start":{"line":472,"column":0},"end":{"line":472,"column":30}},"472":{"start":{"line":473,"column":0},"end":{"line":473,"column":62}},"473":{"start":{"line":474,"column":0},"end":{"line":474,"column":102}},"474":{"start":{"line":475,"column":0},"end":{"line":475,"column":3}},"475":{"start":{"line":476,"column":0},"end":{"line":476,"column":7}},"476":{"start":{"line":477,"column":0},"end":{"line":477,"column":66}},"477":{"start":{"line":478,"column":0},"end":{"line":478,"column":72}},"478":{"start":{"line":479,"column":0},"end":{"line":479,"column":19}},"479":{"start":{"line":480,"column":0},"end":{"line":480,"column":17}},"480":{"start":{"line":481,"column":0},"end":{"line":481,"column":78}},"481":{"start":{"line":482,"column":0},"end":{"line":482,"column":58}},"482":{"start":{"line":483,"column":0},"end":{"line":483,"column":3}},"483":{"start":{"line":484,"column":0},"end":{"line":484,"column":3}},"485":{"start":{"line":486,"column":0},"end":{"line":486,"column":56}},"486":{"start":{"line":487,"column":0},"end":{"line":487,"column":43}},"487":{"start":{"line":488,"column":0},"end":{"line":488,"column":7}},"488":{"start":{"line":489,"column":0},"end":{"line":489,"column":58}},"489":{"start":{"line":490,"column":0},"end":{"line":490,"column":42}},"490":{"start":{"line":491,"column":0},"end":{"line":491,"column":48}},"491":{"start":{"line":492,"column":0},"end":{"line":492,"column":7}},"492":{"start":{"line":493,"column":0},"end":{"line":493,"column":27}},"493":{"start":{"line":494,"column":0},"end":{"line":494,"column":17}},"494":{"start":{"line":495,"column":0},"end":{"line":495,"column":78}},"495":{"start":{"line":496,"column":0},"end":{"line":496,"column":58}},"496":{"start":{"line":497,"column":0},"end":{"line":497,"column":3}},"497":{"start":{"line":498,"column":0},"end":{"line":498,"column":3}},"499":{"start":{"line":500,"column":0},"end":{"line":500,"column":67}},"500":{"start":{"line":501,"column":0},"end":{"line":501,"column":7}},"501":{"start":{"line":502,"column":0},"end":{"line":502,"column":62}},"502":{"start":{"line":503,"column":0},"end":{"line":503,"column":78}},"503":{"start":{"line":504,"column":0},"end":{"line":504,"column":22}},"504":{"start":{"line":505,"column":0},"end":{"line":505,"column":17}},"505":{"start":{"line":506,"column":0},"end":{"line":506,"column":89}},"506":{"start":{"line":507,"column":0},"end":{"line":507,"column":58}},"507":{"start":{"line":508,"column":0},"end":{"line":508,"column":3}},"508":{"start":{"line":509,"column":0},"end":{"line":509,"column":3}},"510":{"start":{"line":511,"column":0},"end":{"line":511,"column":67}},"511":{"start":{"line":512,"column":0},"end":{"line":512,"column":39}},"512":{"start":{"line":513,"column":0},"end":{"line":513,"column":7}},"513":{"start":{"line":514,"column":0},"end":{"line":514,"column":51}},"514":{"start":{"line":515,"column":0},"end":{"line":515,"column":78}},"515":{"start":{"line":516,"column":0},"end":{"line":516,"column":40}},"516":{"start":{"line":517,"column":0},"end":{"line":517,"column":97}},"517":{"start":{"line":518,"column":0},"end":{"line":518,"column":47}},"518":{"start":{"line":519,"column":0},"end":{"line":519,"column":17}},"519":{"start":{"line":520,"column":0},"end":{"line":520,"column":89}},"520":{"start":{"line":521,"column":0},"end":{"line":521,"column":58}},"521":{"start":{"line":522,"column":0},"end":{"line":522,"column":3}},"522":{"start":{"line":523,"column":0},"end":{"line":523,"column":3}},"524":{"start":{"line":525,"column":0},"end":{"line":525,"column":43}},"525":{"start":{"line":526,"column":0},"end":{"line":526,"column":7}},"526":{"start":{"line":527,"column":0},"end":{"line":527,"column":39}},"527":{"start":{"line":528,"column":0},"end":{"line":528,"column":24}},"528":{"start":{"line":529,"column":0},"end":{"line":529,"column":17}},"529":{"start":{"line":530,"column":0},"end":{"line":530,"column":65}},"530":{"start":{"line":531,"column":0},"end":{"line":531,"column":58}},"531":{"start":{"line":532,"column":0},"end":{"line":532,"column":3}},"532":{"start":{"line":533,"column":0},"end":{"line":533,"column":3}},"534":{"start":{"line":535,"column":0},"end":{"line":535,"column":44}},"535":{"start":{"line":536,"column":0},"end":{"line":536,"column":39}},"536":{"start":{"line":537,"column":0},"end":{"line":537,"column":70}},"537":{"start":{"line":538,"column":0},"end":{"line":538,"column":7}},"538":{"start":{"line":539,"column":0},"end":{"line":539,"column":74}},"539":{"start":{"line":540,"column":0},"end":{"line":540,"column":19}},"540":{"start":{"line":541,"column":0},"end":{"line":541,"column":17}},"541":{"start":{"line":542,"column":0},"end":{"line":542,"column":66}},"542":{"start":{"line":543,"column":0},"end":{"line":543,"column":58}},"543":{"start":{"line":544,"column":0},"end":{"line":544,"column":3}},"544":{"start":{"line":545,"column":0},"end":{"line":545,"column":3}},"546":{"start":{"line":547,"column":0},"end":{"line":547,"column":49}},"547":{"start":{"line":548,"column":0},"end":{"line":548,"column":74}},"548":{"start":{"line":549,"column":0},"end":{"line":549,"column":7}},"549":{"start":{"line":550,"column":0},"end":{"line":550,"column":13}},"550":{"start":{"line":551,"column":0},"end":{"line":551,"column":29}},"551":{"start":{"line":552,"column":0},"end":{"line":552,"column":54}},"552":{"start":{"line":553,"column":0},"end":{"line":553,"column":12}},"553":{"start":{"line":554,"column":0},"end":{"line":554,"column":103}},"554":{"start":{"line":555,"column":0},"end":{"line":555,"column":5}},"555":{"start":{"line":556,"column":0},"end":{"line":556,"column":72}},"556":{"start":{"line":557,"column":0},"end":{"line":557,"column":19}},"557":{"start":{"line":558,"column":0},"end":{"line":558,"column":17}},"558":{"start":{"line":559,"column":0},"end":{"line":559,"column":67}},"559":{"start":{"line":560,"column":0},"end":{"line":560,"column":58}},"560":{"start":{"line":561,"column":0},"end":{"line":561,"column":3}},"561":{"start":{"line":562,"column":0},"end":{"line":562,"column":3}},"563":{"start":{"line":564,"column":0},"end":{"line":564,"column":50}},"564":{"start":{"line":565,"column":0},"end":{"line":565,"column":7}},"565":{"start":{"line":566,"column":0},"end":{"line":566,"column":39}},"566":{"start":{"line":567,"column":0},"end":{"line":567,"column":27}},"567":{"start":{"line":568,"column":0},"end":{"line":568,"column":17}},"568":{"start":{"line":569,"column":0},"end":{"line":569,"column":68}},"569":{"start":{"line":570,"column":0},"end":{"line":570,"column":58}},"570":{"start":{"line":571,"column":0},"end":{"line":571,"column":3}},"571":{"start":{"line":572,"column":0},"end":{"line":572,"column":3}},"573":{"start":{"line":574,"column":0},"end":{"line":574,"column":51}},"574":{"start":{"line":575,"column":0},"end":{"line":575,"column":7}},"575":{"start":{"line":576,"column":0},"end":{"line":576,"column":53}},"576":{"start":{"line":577,"column":0},"end":{"line":577,"column":31}},"577":{"start":{"line":578,"column":0},"end":{"line":578,"column":17}},"578":{"start":{"line":579,"column":0},"end":{"line":579,"column":73}},"579":{"start":{"line":580,"column":0},"end":{"line":580,"column":58}},"580":{"start":{"line":581,"column":0},"end":{"line":581,"column":3}},"581":{"start":{"line":582,"column":0},"end":{"line":582,"column":3}},"583":{"start":{"line":584,"column":0},"end":{"line":584,"column":52}},"584":{"start":{"line":585,"column":0},"end":{"line":585,"column":58}},"585":{"start":{"line":586,"column":0},"end":{"line":586,"column":105}},"586":{"start":{"line":587,"column":0},"end":{"line":587,"column":17}},"587":{"start":{"line":588,"column":0},"end":{"line":588,"column":53}},"588":{"start":{"line":589,"column":0},"end":{"line":589,"column":76}},"589":{"start":{"line":590,"column":0},"end":{"line":590,"column":3}},"590":{"start":{"line":591,"column":0},"end":{"line":591,"column":7}},"591":{"start":{"line":592,"column":0},"end":{"line":592,"column":95}},"592":{"start":{"line":593,"column":0},"end":{"line":593,"column":26}},"593":{"start":{"line":594,"column":0},"end":{"line":594,"column":17}},"594":{"start":{"line":595,"column":0},"end":{"line":595,"column":74}},"595":{"start":{"line":596,"column":0},"end":{"line":596,"column":58}},"596":{"start":{"line":597,"column":0},"end":{"line":597,"column":3}},"597":{"start":{"line":598,"column":0},"end":{"line":598,"column":3}},"599":{"start":{"line":600,"column":0},"end":{"line":600,"column":57}},"600":{"start":{"line":601,"column":0},"end":{"line":601,"column":71}},"601":{"start":{"line":602,"column":0},"end":{"line":602,"column":98}},"602":{"start":{"line":603,"column":0},"end":{"line":603,"column":78}},"603":{"start":{"line":604,"column":0},"end":{"line":604,"column":3}},"604":{"start":{"line":605,"column":0},"end":{"line":605,"column":7}},"605":{"start":{"line":606,"column":0},"end":{"line":606,"column":21}},"606":{"start":{"line":607,"column":0},"end":{"line":607,"column":46}},"607":{"start":{"line":608,"column":0},"end":{"line":608,"column":58}},"608":{"start":{"line":609,"column":0},"end":{"line":609,"column":58}},"609":{"start":{"line":610,"column":0},"end":{"line":610,"column":58}},"610":{"start":{"line":611,"column":0},"end":{"line":611,"column":67}},"611":{"start":{"line":612,"column":0},"end":{"line":612,"column":103}},"613":{"start":{"line":614,"column":0},"end":{"line":614,"column":73}},"614":{"start":{"line":615,"column":0},"end":{"line":615,"column":74}},"615":{"start":{"line":616,"column":0},"end":{"line":616,"column":26}},"616":{"start":{"line":617,"column":0},"end":{"line":617,"column":17}},"617":{"start":{"line":618,"column":0},"end":{"line":618,"column":75}},"618":{"start":{"line":619,"column":0},"end":{"line":619,"column":58}},"619":{"start":{"line":620,"column":0},"end":{"line":620,"column":3}},"620":{"start":{"line":621,"column":0},"end":{"line":621,"column":3}},"622":{"start":{"line":623,"column":0},"end":{"line":623,"column":58}},"623":{"start":{"line":624,"column":0},"end":{"line":624,"column":7}},"624":{"start":{"line":625,"column":0},"end":{"line":625,"column":46}},"625":{"start":{"line":626,"column":0},"end":{"line":626,"column":27}},"626":{"start":{"line":627,"column":0},"end":{"line":627,"column":17}},"627":{"start":{"line":628,"column":0},"end":{"line":628,"column":76}},"628":{"start":{"line":629,"column":0},"end":{"line":629,"column":58}},"629":{"start":{"line":630,"column":0},"end":{"line":630,"column":3}},"630":{"start":{"line":631,"column":0},"end":{"line":631,"column":3}},"632":{"start":{"line":633,"column":0},"end":{"line":633,"column":18}},"633":{"start":{"line":634,"column":0},"end":{"line":634,"column":37}},"635":{"start":{"line":636,"column":0},"end":{"line":636,"column":40}},"636":{"start":{"line":637,"column":0},"end":{"line":637,"column":7}},"637":{"start":{"line":638,"column":0},"end":{"line":638,"column":55}},"638":{"start":{"line":639,"column":0},"end":{"line":639,"column":39}},"639":{"start":{"line":640,"column":0},"end":{"line":640,"column":15}},"640":{"start":{"line":641,"column":0},"end":{"line":641,"column":310}},"641":{"start":{"line":642,"column":0},"end":{"line":642,"column":27}},"642":{"start":{"line":643,"column":0},"end":{"line":643,"column":8}},"643":{"start":{"line":644,"column":0},"end":{"line":644,"column":12}},"644":{"start":{"line":645,"column":0},"end":{"line":645,"column":59}},"645":{"start":{"line":646,"column":0},"end":{"line":646,"column":24}},"646":{"start":{"line":647,"column":0},"end":{"line":647,"column":19}},"647":{"start":{"line":648,"column":0},"end":{"line":648,"column":9}},"648":{"start":{"line":649,"column":0},"end":{"line":649,"column":5}},"649":{"start":{"line":650,"column":0},"end":{"line":650,"column":11}},"651":{"start":{"line":652,"column":0},"end":{"line":652,"column":3}},"652":{"start":{"line":653,"column":0},"end":{"line":653,"column":1}},"654":{"start":{"line":655,"column":0},"end":{"line":655,"column":41}},"655":{"start":{"line":656,"column":0},"end":{"line":656,"column":35}},"656":{"start":{"line":657,"column":0},"end":{"line":657,"column":37}},"657":{"start":{"line":658,"column":0},"end":{"line":658,"column":36}},"658":{"start":{"line":659,"column":0},"end":{"line":659,"column":50}},"659":{"start":{"line":660,"column":0},"end":{"line":660,"column":90}},"660":{"start":{"line":661,"column":0},"end":{"line":661,"column":24}},"661":{"start":{"line":662,"column":0},"end":{"line":662,"column":7}},"663":{"start":{"line":664,"column":0},"end":{"line":664,"column":81}},"664":{"start":{"line":665,"column":0},"end":{"line":665,"column":36}},"666":{"start":{"line":667,"column":0},"end":{"line":667,"column":24}},"667":{"start":{"line":668,"column":0},"end":{"line":668,"column":39}},"668":{"start":{"line":669,"column":0},"end":{"line":669,"column":14}},"669":{"start":{"line":670,"column":0},"end":{"line":670,"column":12}},"670":{"start":{"line":671,"column":0},"end":{"line":671,"column":42}},"671":{"start":{"line":672,"column":0},"end":{"line":672,"column":22}},"672":{"start":{"line":673,"column":0},"end":{"line":673,"column":5}},"673":{"start":{"line":674,"column":0},"end":{"line":674,"column":5}},"674":{"start":{"line":675,"column":0},"end":{"line":675,"column":29}},"675":{"start":{"line":676,"column":0},"end":{"line":676,"column":54}},"676":{"start":{"line":677,"column":0},"end":{"line":677,"column":5}},"677":{"start":{"line":678,"column":0},"end":{"line":678,"column":1}},"679":{"start":{"line":680,"column":0},"end":{"line":680,"column":38}},"680":{"start":{"line":681,"column":0},"end":{"line":681,"column":20}},"681":{"start":{"line":682,"column":0},"end":{"line":682,"column":1}}},"s":{"0":1,"8":1,"9":1,"11":1,"12":1,"13":1,"14":78,"15":78,"16":78,"17":78,"18":78,"20":1,"21":1,"22":1,"24":1,"25":0,"26":0,"27":0,"28":0,"30":1,"32":1,"33":0,"34":0,"35":0,"36":0,"37":0,"39":1,"40":0,"41":0,"42":0,"43":0,"44":0,"45":0,"46":0,"47":0,"48":0,"49":0,"50":0,"51":0,"52":0,"53":0,"54":0,"55":0,"56":0,"57":0,"58":0,"59":0,"60":0,"61":0,"62":0,"63":0,"65":1,"66":1,"67":0,"68":0,"70":1,"71":1,"72":1,"74":0,"76":0,"77":1,"79":1,"80":0,"81":0,"82":0,"83":0,"84":0,"85":0,"89":0,"93":0,"94":0,"95":0,"96":0,"98":1,"99":0,"100":0,"101":0,"102":0,"103":0,"104":0,"105":0,"107":0,"108":0,"109":0,"110":0,"111":0,"112":0,"113":0,"115":0,"116":0,"117":0,"118":0,"119":0,"120":0,"121":0,"122":0,"124":0,"126":0,"127":0,"128":0,"130":0,"131":1,"132":1,"134":1,"135":1,"136":1,"138":0,"139":0,"140":0,"141":0,"142":0,"143":0,"145":0,"146":0,"147":0,"149":0,"150":0,"151":0,"152":0,"153":0,"154":0,"155":0,"156":0,"157":0,"158":0,"159":0,"160":0,"161":0,"162":0,"163":0,"164":0,"165":1,"167":1,"168":1,"169":0,"170":0,"172":1,"173":1,"174":1,"176":0,"178":1,"179":1,"180":1,"183":1,"237":1,"239":1,"240":1,"241":1,"242":1,"243":1,"244":1,"245":1,"246":1,"248":0,"249":0,"250":0,"251":0,"253":0,"254":1,"256":1,"257":1,"258":1,"259":1,"260":1,"261":0,"262":0,"264":0,"265":0,"270":0,"271":0,"272":0,"273":0,"274":0,"275":0,"276":0,"277":0,"278":0,"279":0,"280":0,"281":0,"282":0,"283":0,"284":0,"285":0,"286":0,"287":0,"289":0,"290":0,"291":0,"292":0,"293":0,"294":0,"295":0,"296":0,"297":0,"298":0,"299":0,"300":0,"301":0,"303":0,"304":1,"305":1,"306":1,"307":1,"308":1,"309":1,"310":1,"311":1,"312":1,"313":1,"314":1,"315":1,"316":0,"317":0,"318":0,"319":1,"321":1,"322":1,"323":0,"324":0,"326":1,"327":1,"328":1,"329":1,"331":0,"332":0,"333":0,"335":1,"370":1,"374":1,"378":1,"379":1,"380":1,"381":1,"382":1,"383":1,"384":1,"385":1,"387":0,"388":0,"389":0,"390":0,"392":0,"393":1,"394":1,"395":1,"396":0,"397":0,"398":0,"399":1,"401":1,"402":1,"403":1,"404":1,"405":1,"406":1,"407":0,"408":0,"409":0,"410":1,"412":1,"413":1,"414":1,"415":1,"416":1,"417":1,"418":1,"419":0,"420":0,"421":0,"422":1,"424":1,"425":0,"426":0,"427":0,"428":0,"429":0,"430":0,"431":0,"432":0,"434":1,"435":3,"436":3,"437":3,"438":3,"439":0,"440":0,"441":0,"442":3,"444":1,"445":54,"446":54,"447":54,"448":54,"449":54,"450":53,"451":53,"452":54,"453":54,"454":0,"455":0,"456":0,"457":54,"459":1,"460":0,"461":0,"462":0,"463":0,"464":0,"465":0,"466":0,"467":0,"470":1,"471":0,"472":0,"473":0,"474":0,"475":0,"476":0,"477":0,"478":0,"479":0,"480":0,"481":0,"482":0,"483":0,"485":1,"486":6,"487":6,"488":6,"489":6,"490":6,"491":6,"492":6,"493":6,"494":0,"495":0,"496":0,"497":6,"499":1,"500":1,"501":1,"502":1,"503":1,"504":1,"505":0,"506":0,"507":0,"508":1,"510":1,"511":1,"512":1,"513":1,"514":1,"515":1,"516":1,"517":1,"518":1,"519":0,"520":0,"521":0,"522":1,"524":1,"525":2,"526":2,"527":2,"528":2,"529":0,"530":0,"531":0,"532":2,"534":1,"535":2,"536":2,"537":2,"538":2,"539":2,"540":2,"541":0,"542":0,"543":0,"544":2,"546":1,"547":2,"548":2,"549":2,"550":2,"551":1,"552":1,"553":1,"554":1,"555":2,"556":2,"557":2,"558":0,"559":0,"560":0,"561":2,"563":1,"564":0,"565":0,"566":0,"567":0,"568":0,"569":0,"570":0,"571":0,"573":1,"574":1,"575":1,"576":1,"577":1,"578":0,"579":0,"580":0,"581":1,"583":1,"584":1,"585":1,"586":1,"587":0,"588":0,"589":0,"590":1,"591":1,"592":1,"593":1,"594":0,"595":0,"596":0,"597":1,"599":1,"600":0,"601":0,"602":0,"603":0,"604":0,"605":0,"606":0,"607":0,"608":0,"609":0,"610":0,"611":0,"613":0,"614":0,"615":0,"616":0,"617":0,"618":0,"619":0,"620":0,"622":1,"623":0,"624":0,"625":0,"626":0,"627":0,"628":0,"629":0,"630":0,"632":1,"633":1,"635":0,"636":0,"637":0,"638":0,"639":0,"640":0,"641":0,"642":0,"643":0,"644":0,"645":0,"646":0,"647":0,"648":0,"649":0,"651":0,"652":0,"654":0,"655":0,"656":0,"657":0,"658":0,"659":0,"660":0,"661":0,"663":0,"664":0,"666":0,"667":0,"668":0,"669":0,"670":0,"671":0,"672":0,"673":0,"674":0,"675":0,"676":0,"677":0,"679":1,"680":0,"681":0},"branchMap":{"0":{"type":"branch","line":680,"loc":{"start":{"line":680,"column":37},"end":{"line":682,"column":1}},"locations":[{"start":{"line":680,"column":37},"end":{"line":682,"column":1}}]},"1":{"type":"branch","line":14,"loc":{"start":{"line":14,"column":8},"end":{"line":19,"column":3}},"locations":[{"start":{"line":14,"column":8},"end":{"line":19,"column":3}}]},"2":{"type":"branch","line":31,"loc":{"start":{"line":31,"column":17},"end":{"line":31,"column":97}},"locations":[{"start":{"line":31,"column":17},"end":{"line":31,"column":97}}]},"3":{"type":"branch","line":66,"loc":{"start":{"line":66,"column":22},"end":{"line":166,"column":3}},"locations":[{"start":{"line":66,"column":22},"end":{"line":166,"column":3}}]},"4":{"type":"branch","line":67,"loc":{"start":{"line":67,"column":26},"end":{"line":69,"column":3}},"locations":[{"start":{"line":67,"column":26},"end":{"line":69,"column":3}}]},"5":{"type":"branch","line":71,"loc":{"start":{"line":71,"column":61},"end":{"line":71,"column":102}},"locations":[{"start":{"line":71,"column":61},"end":{"line":71,"column":102}}]},"6":{"type":"branch","line":73,"loc":{"start":{"line":73,"column":2},"end":{"line":78,"column":67}},"locations":[{"start":{"line":73,"column":2},"end":{"line":78,"column":67}}]},"7":{"type":"branch","line":78,"loc":{"start":{"line":78,"column":63},"end":{"line":78,"column":70}},"locations":[{"start":{"line":78,"column":63},"end":{"line":78,"column":70}}]},"8":{"type":"branch","line":80,"loc":{"start":{"line":80,"column":6},"end":{"line":80,"column":58}},"locations":[{"start":{"line":80,"column":6},"end":{"line":80,"column":58}}]},"9":{"type":"branch","line":80,"loc":{"start":{"line":80,"column":46},"end":{"line":80,"column":79}},"locations":[{"start":{"line":80,"column":46},"end":{"line":80,"column":79}}]},"10":{"type":"branch","line":80,"loc":{"start":{"line":80,"column":79},"end":{"line":99,"column":50}},"locations":[{"start":{"line":80,"column":79},"end":{"line":99,"column":50}}]},"11":{"type":"branch","line":99,"loc":{"start":{"line":99,"column":50},"end":{"line":132,"column":88}},"locations":[{"start":{"line":99,"column":50},"end":{"line":132,"column":88}}]},"12":{"type":"branch","line":132,"loc":{"start":{"line":132,"column":84},"end":{"line":132,"column":110}},"locations":[{"start":{"line":132,"column":84},"end":{"line":132,"column":110}}]},"13":{"type":"branch","line":137,"loc":{"start":{"line":137,"column":55},"end":{"line":165,"column":3}},"locations":[{"start":{"line":137,"column":55},"end":{"line":165,"column":3}}]},"14":{"type":"branch","line":168,"loc":{"start":{"line":168,"column":26},"end":{"line":320,"column":3}},"locations":[{"start":{"line":168,"column":26},"end":{"line":320,"column":3}}]},"15":{"type":"branch","line":169,"loc":{"start":{"line":169,"column":26},"end":{"line":171,"column":3}},"locations":[{"start":{"line":169,"column":26},"end":{"line":171,"column":3}}]},"16":{"type":"branch","line":173,"loc":{"start":{"line":173,"column":27},"end":{"line":173,"column":108}},"locations":[{"start":{"line":173,"column":27},"end":{"line":173,"column":108}}]},"17":{"type":"branch","line":175,"loc":{"start":{"line":175,"column":23},"end":{"line":175,"column":50}},"locations":[{"start":{"line":175,"column":23},"end":{"line":175,"column":50}}]},"18":{"type":"branch","line":175,"loc":{"start":{"line":175,"column":104},"end":{"line":179,"column":30}},"locations":[{"start":{"line":175,"column":104},"end":{"line":179,"column":30}}]},"19":{"type":"branch","line":180,"loc":{"start":{"line":180,"column":8},"end":{"line":180,"column":29}},"locations":[{"start":{"line":180,"column":8},"end":{"line":180,"column":29}}]},"20":{"type":"branch","line":181,"loc":{"start":{"line":181,"column":8},"end":{"line":181,"column":29}},"locations":[{"start":{"line":181,"column":8},"end":{"line":181,"column":29}}]},"21":{"type":"branch","line":247,"loc":{"start":{"line":247,"column":17},"end":{"line":255,"column":43}},"locations":[{"start":{"line":247,"column":17},"end":{"line":255,"column":43}}]},"22":{"type":"branch","line":255,"loc":{"start":{"line":255,"column":65},"end":{"line":255,"column":76}},"locations":[{"start":{"line":255,"column":65},"end":{"line":255,"column":76}}]},"23":{"type":"branch","line":255,"loc":{"start":{"line":255,"column":68},"end":{"line":255,"column":79}},"locations":[{"start":{"line":255,"column":68},"end":{"line":255,"column":79}}]},"24":{"type":"branch","line":260,"loc":{"start":{"line":260,"column":19},"end":{"line":260,"column":58}},"locations":[{"start":{"line":260,"column":19},"end":{"line":260,"column":58}}]},"25":{"type":"branch","line":260,"loc":{"start":{"line":260,"column":54},"end":{"line":260,"column":63}},"locations":[{"start":{"line":260,"column":54},"end":{"line":260,"column":63}}]},"26":{"type":"branch","line":261,"loc":{"start":{"line":261,"column":4},"end":{"line":305,"column":84}},"locations":[{"start":{"line":261,"column":4},"end":{"line":305,"column":84}}]},"27":{"type":"branch","line":305,"loc":{"start":{"line":305,"column":80},"end":{"line":305,"column":86}},"locations":[{"start":{"line":305,"column":80},"end":{"line":305,"column":86}}]},"28":{"type":"branch","line":306,"loc":{"start":{"line":306,"column":41},"end":{"line":306,"column":71}},"locations":[{"start":{"line":306,"column":41},"end":{"line":306,"column":71}}]},"29":{"type":"branch","line":306,"loc":{"start":{"line":306,"column":63},"end":{"line":306,"column":75}},"locations":[{"start":{"line":306,"column":63},"end":{"line":306,"column":75}}]},"30":{"type":"branch","line":307,"loc":{"start":{"line":307,"column":45},"end":{"line":307,"column":77}},"locations":[{"start":{"line":307,"column":45},"end":{"line":307,"column":77}}]},"31":{"type":"branch","line":307,"loc":{"start":{"line":307,"column":67},"end":{"line":307,"column":110}},"locations":[{"start":{"line":307,"column":67},"end":{"line":307,"column":110}}]},"32":{"type":"branch","line":308,"loc":{"start":{"line":308,"column":45},"end":{"line":308,"column":69}},"locations":[{"start":{"line":308,"column":45},"end":{"line":308,"column":69}}]},"33":{"type":"branch","line":308,"loc":{"start":{"line":308,"column":60},"end":{"line":308,"column":72}},"locations":[{"start":{"line":308,"column":60},"end":{"line":308,"column":72}}]},"34":{"type":"branch","line":309,"loc":{"start":{"line":309,"column":49},"end":{"line":309,"column":75}},"locations":[{"start":{"line":309,"column":49},"end":{"line":309,"column":75}}]},"35":{"type":"branch","line":309,"loc":{"start":{"line":309,"column":64},"end":{"line":309,"column":78}},"locations":[{"start":{"line":309,"column":64},"end":{"line":309,"column":78}}]},"36":{"type":"branch","line":310,"loc":{"start":{"line":310,"column":45},"end":{"line":310,"column":69}},"locations":[{"start":{"line":310,"column":45},"end":{"line":310,"column":69}}]},"37":{"type":"branch","line":310,"loc":{"start":{"line":310,"column":60},"end":{"line":310,"column":72}},"locations":[{"start":{"line":310,"column":60},"end":{"line":310,"column":72}}]},"38":{"type":"branch","line":313,"loc":{"start":{"line":313,"column":29},"end":{"line":313,"column":46}},"locations":[{"start":{"line":313,"column":29},"end":{"line":313,"column":46}}]},"39":{"type":"branch","line":313,"loc":{"start":{"line":313,"column":46},"end":{"line":313,"column":61}},"locations":[{"start":{"line":313,"column":46},"end":{"line":313,"column":61}}]},"40":{"type":"branch","line":313,"loc":{"start":{"line":313,"column":50},"end":{"line":313,"column":67}},"locations":[{"start":{"line":313,"column":50},"end":{"line":313,"column":67}}]},"41":{"type":"branch","line":316,"loc":{"start":{"line":316,"column":2},"end":{"line":319,"column":3}},"locations":[{"start":{"line":316,"column":2},"end":{"line":319,"column":3}}]},"42":{"type":"branch","line":322,"loc":{"start":{"line":322,"column":35},"end":{"line":400,"column":3}},"locations":[{"start":{"line":322,"column":35},"end":{"line":400,"column":3}}]},"43":{"type":"branch","line":323,"loc":{"start":{"line":323,"column":26},"end":{"line":325,"column":3}},"locations":[{"start":{"line":323,"column":26},"end":{"line":325,"column":3}}]},"44":{"type":"branch","line":327,"loc":{"start":{"line":327,"column":27},"end":{"line":327,"column":117}},"locations":[{"start":{"line":327,"column":27},"end":{"line":327,"column":117}}]},"45":{"type":"branch","line":329,"loc":{"start":{"line":329,"column":111},"end":{"line":330,"column":64}},"locations":[{"start":{"line":329,"column":111},"end":{"line":330,"column":64}}]},"46":{"type":"branch","line":330,"loc":{"start":{"line":330,"column":64},"end":{"line":332,"column":57}},"locations":[{"start":{"line":330,"column":64},"end":{"line":332,"column":57}}]},"47":{"type":"branch","line":332,"loc":{"start":{"line":332,"column":56},"end":{"line":333,"column":199}},"locations":[{"start":{"line":332,"column":56},"end":{"line":333,"column":199}}]},"48":{"type":"branch","line":333,"loc":{"start":{"line":333,"column":197},"end":{"line":334,"column":9}},"locations":[{"start":{"line":333,"column":197},"end":{"line":334,"column":9}}]},"49":{"type":"branch","line":386,"loc":{"start":{"line":386,"column":17},"end":{"line":394,"column":40}},"locations":[{"start":{"line":386,"column":17},"end":{"line":394,"column":40}}]},"50":{"type":"branch","line":394,"loc":{"start":{"line":394,"column":62},"end":{"line":394,"column":73}},"locations":[{"start":{"line":394,"column":62},"end":{"line":394,"column":73}}]},"51":{"type":"branch","line":394,"loc":{"start":{"line":394,"column":65},"end":{"line":394,"column":76}},"locations":[{"start":{"line":394,"column":65},"end":{"line":394,"column":76}}]},"52":{"type":"branch","line":396,"loc":{"start":{"line":396,"column":2},"end":{"line":399,"column":3}},"locations":[{"start":{"line":396,"column":2},"end":{"line":399,"column":3}}]},"53":{"type":"branch","line":402,"loc":{"start":{"line":402,"column":28},"end":{"line":411,"column":3}},"locations":[{"start":{"line":402,"column":28},"end":{"line":411,"column":3}}]},"54":{"type":"branch","line":407,"loc":{"start":{"line":407,"column":2},"end":{"line":410,"column":3}},"locations":[{"start":{"line":407,"column":2},"end":{"line":410,"column":3}}]},"55":{"type":"branch","line":413,"loc":{"start":{"line":413,"column":29},"end":{"line":423,"column":3}},"locations":[{"start":{"line":413,"column":29},"end":{"line":423,"column":3}}]},"56":{"type":"branch","line":415,"loc":{"start":{"line":415,"column":19},"end":{"line":415,"column":80}},"locations":[{"start":{"line":415,"column":19},"end":{"line":415,"column":80}}]},"57":{"type":"branch","line":417,"loc":{"start":{"line":417,"column":72},"end":{"line":417,"column":92}},"locations":[{"start":{"line":417,"column":72},"end":{"line":417,"column":92}}]},"58":{"type":"branch","line":417,"loc":{"start":{"line":417,"column":92},"end":{"line":417,"column":107}},"locations":[{"start":{"line":417,"column":92},"end":{"line":417,"column":107}}]},"59":{"type":"branch","line":419,"loc":{"start":{"line":419,"column":2},"end":{"line":422,"column":3}},"locations":[{"start":{"line":419,"column":2},"end":{"line":422,"column":3}}]},"60":{"type":"branch","line":435,"loc":{"start":{"line":435,"column":22},"end":{"line":443,"column":3}},"locations":[{"start":{"line":435,"column":22},"end":{"line":443,"column":3}}]},"61":{"type":"branch","line":439,"loc":{"start":{"line":439,"column":2},"end":{"line":442,"column":3}},"locations":[{"start":{"line":439,"column":2},"end":{"line":442,"column":3}}]},"62":{"type":"branch","line":445,"loc":{"start":{"line":445,"column":23},"end":{"line":458,"column":3}},"locations":[{"start":{"line":445,"column":23},"end":{"line":458,"column":3}}]},"63":{"type":"branch","line":447,"loc":{"start":{"line":447,"column":20},"end":{"line":447,"column":81}},"locations":[{"start":{"line":447,"column":20},"end":{"line":447,"column":81}}]},"64":{"type":"branch","line":450,"loc":{"start":{"line":450,"column":24},"end":{"line":452,"column":5}},"locations":[{"start":{"line":450,"column":24},"end":{"line":452,"column":5}}]},"65":{"type":"branch","line":451,"loc":{"start":{"line":451,"column":37},"end":{"line":451,"column":59}},"locations":[{"start":{"line":451,"column":37},"end":{"line":451,"column":59}}]},"66":{"type":"branch","line":454,"loc":{"start":{"line":454,"column":2},"end":{"line":457,"column":3}},"locations":[{"start":{"line":454,"column":2},"end":{"line":457,"column":3}}]},"67":{"type":"branch","line":486,"loc":{"start":{"line":486,"column":35},"end":{"line":498,"column":3}},"locations":[{"start":{"line":486,"column":35},"end":{"line":498,"column":3}}]},"68":{"type":"branch","line":491,"loc":{"start":{"line":491,"column":13},"end":{"line":491,"column":39}},"locations":[{"start":{"line":491,"column":13},"end":{"line":491,"column":39}}]},"69":{"type":"branch","line":494,"loc":{"start":{"line":494,"column":2},"end":{"line":497,"column":3}},"locations":[{"start":{"line":494,"column":2},"end":{"line":497,"column":3}}]},"70":{"type":"branch","line":500,"loc":{"start":{"line":500,"column":46},"end":{"line":509,"column":3}},"locations":[{"start":{"line":500,"column":46},"end":{"line":509,"column":3}}]},"71":{"type":"branch","line":503,"loc":{"start":{"line":503,"column":18},"end":{"line":503,"column":78}},"locations":[{"start":{"line":503,"column":18},"end":{"line":503,"column":78}}]},"72":{"type":"branch","line":505,"loc":{"start":{"line":505,"column":2},"end":{"line":508,"column":3}},"locations":[{"start":{"line":505,"column":2},"end":{"line":508,"column":3}}]},"73":{"type":"branch","line":511,"loc":{"start":{"line":511,"column":46},"end":{"line":523,"column":3}},"locations":[{"start":{"line":511,"column":46},"end":{"line":523,"column":3}}]},"74":{"type":"branch","line":515,"loc":{"start":{"line":515,"column":18},"end":{"line":515,"column":78}},"locations":[{"start":{"line":515,"column":18},"end":{"line":515,"column":78}}]},"75":{"type":"branch","line":519,"loc":{"start":{"line":519,"column":2},"end":{"line":522,"column":3}},"locations":[{"start":{"line":519,"column":2},"end":{"line":522,"column":3}}]},"76":{"type":"branch","line":525,"loc":{"start":{"line":525,"column":22},"end":{"line":533,"column":3}},"locations":[{"start":{"line":525,"column":22},"end":{"line":533,"column":3}}]},"77":{"type":"branch","line":529,"loc":{"start":{"line":529,"column":2},"end":{"line":532,"column":3}},"locations":[{"start":{"line":529,"column":2},"end":{"line":532,"column":3}}]},"78":{"type":"branch","line":535,"loc":{"start":{"line":535,"column":23},"end":{"line":545,"column":3}},"locations":[{"start":{"line":535,"column":23},"end":{"line":545,"column":3}}]},"79":{"type":"branch","line":537,"loc":{"start":{"line":537,"column":14},"end":{"line":537,"column":70}},"locations":[{"start":{"line":537,"column":14},"end":{"line":537,"column":70}}]},"80":{"type":"branch","line":539,"loc":{"start":{"line":539,"column":44},"end":{"line":539,"column":72}},"locations":[{"start":{"line":539,"column":44},"end":{"line":539,"column":72}}]},"81":{"type":"branch","line":541,"loc":{"start":{"line":541,"column":2},"end":{"line":544,"column":3}},"locations":[{"start":{"line":541,"column":2},"end":{"line":544,"column":3}}]},"82":{"type":"branch","line":547,"loc":{"start":{"line":547,"column":28},"end":{"line":562,"column":3}},"locations":[{"start":{"line":547,"column":28},"end":{"line":562,"column":3}}]},"83":{"type":"branch","line":551,"loc":{"start":{"line":551,"column":28},"end":{"line":555,"column":5}},"locations":[{"start":{"line":551,"column":28},"end":{"line":555,"column":5}}]},"84":{"type":"branch","line":556,"loc":{"start":{"line":556,"column":15},"end":{"line":556,"column":72}},"locations":[{"start":{"line":556,"column":15},"end":{"line":556,"column":72}}]},"85":{"type":"branch","line":558,"loc":{"start":{"line":558,"column":2},"end":{"line":561,"column":3}},"locations":[{"start":{"line":558,"column":2},"end":{"line":561,"column":3}}]},"86":{"type":"branch","line":574,"loc":{"start":{"line":574,"column":30},"end":{"line":582,"column":3}},"locations":[{"start":{"line":574,"column":30},"end":{"line":582,"column":3}}]},"87":{"type":"branch","line":578,"loc":{"start":{"line":578,"column":2},"end":{"line":581,"column":3}},"locations":[{"start":{"line":578,"column":2},"end":{"line":581,"column":3}}]},"88":{"type":"branch","line":584,"loc":{"start":{"line":584,"column":31},"end":{"line":598,"column":3}},"locations":[{"start":{"line":584,"column":31},"end":{"line":598,"column":3}}]},"89":{"type":"branch","line":586,"loc":{"start":{"line":586,"column":39},"end":{"line":586,"column":105}},"locations":[{"start":{"line":586,"column":39},"end":{"line":586,"column":105}}]},"90":{"type":"branch","line":587,"loc":{"start":{"line":587,"column":16},"end":{"line":590,"column":3}},"locations":[{"start":{"line":587,"column":16},"end":{"line":590,"column":3}}]},"91":{"type":"branch","line":594,"loc":{"start":{"line":594,"column":2},"end":{"line":597,"column":3}},"locations":[{"start":{"line":594,"column":2},"end":{"line":597,"column":3}}]}},"b":{"0":[0],"1":[78],"2":[3],"3":[1],"4":[0],"5":[0],"6":[0],"7":[0],"8":[0],"9":[0],"10":[0],"11":[0],"12":[0],"13":[0],"14":[1],"15":[0],"16":[0],"17":[0],"18":[0],"19":[0],"20":[0],"21":[0],"22":[0],"23":[0],"24":[0],"25":[0],"26":[0],"27":[0],"28":[0],"29":[0],"30":[0],"31":[0],"32":[0],"33":[0],"34":[0],"35":[0],"36":[0],"37":[0],"38":[0],"39":[0],"40":[0],"41":[0],"42":[1],"43":[0],"44":[0],"45":[0],"46":[0],"47":[0],"48":[0],"49":[0],"50":[0],"51":[0],"52":[0],"53":[1],"54":[0],"55":[1],"56":[0],"57":[0],"58":[0],"59":[0],"60":[3],"61":[0],"62":[54],"63":[0],"64":[53],"65":[0],"66":[0],"67":[6],"68":[0],"69":[0],"70":[1],"71":[0],"72":[0],"73":[1],"74":[0],"75":[0],"76":[2],"77":[0],"78":[2],"79":[0],"80":[0],"81":[0],"82":[2],"83":[1],"84":[0],"85":[0],"86":[1],"87":[0],"88":[1],"89":[0],"90":[0],"91":[0]},"fnMap":{"0":{"name":"getErrorMessage","decl":{"start":{"line":23,"column":24},"end":{"line":23,"column":65}},"loc":{"start":{"line":23,"column":24},"end":{"line":23,"column":65}},"line":23},"1":{"name":"logWithRequest","decl":{"start":{"line":25,"column":23},"end":{"line":29,"column":2}},"loc":{"start":{"line":25,"column":23},"end":{"line":29,"column":2}},"line":25},"2":{"name":"isObject","decl":{"start":{"line":31,"column":17},"end":{"line":31,"column":97}},"loc":{"start":{"line":31,"column":17},"end":{"line":31,"column":97}},"line":31},"3":{"name":"withTimeout","decl":{"start":{"line":33,"column":20},"end":{"line":38,"column":2}},"loc":{"start":{"line":33,"column":20},"end":{"line":38,"column":2}},"line":33},"4":{"name":"postAnthropic","decl":{"start":{"line":40,"column":22},"end":{"line":64,"column":2}},"loc":{"start":{"line":40,"column":22},"end":{"line":64,"column":2}},"line":40},"5":{"name":"pump","decl":{"start":{"line":151,"column":17},"end":{"line":157,"column":6}},"loc":{"start":{"line":151,"column":17},"end":{"line":157,"column":6}},"line":151},"6":{"name":"killProcessOnPort","decl":{"start":{"line":636,"column":0},"end":{"line":653,"column":1}},"loc":{"start":{"line":636,"column":0},"end":{"line":653,"column":1}},"line":636},"7":{"name":"startServer","decl":{"start":{"line":655,"column":0},"end":{"line":678,"column":1}},"loc":{"start":{"line":655,"column":0},"end":{"line":678,"column":1}},"line":655}},"f":{"0":0,"1":0,"2":3,"3":0,"4":0,"5":0,"6":0,"7":0}}
,"C:\\Users\\david\\Downloads\\ScaryJubilantParallelprocessing\\ScaryJubilantParallelprocessing\\update-json.js": {"path":"C:\\Users\\david\\Downloads\\ScaryJubilantParallelprocessing\\ScaryJubilantParallelprocessing\\update-json.js","all":true,"statementMap":{"0":{"start":{"line":1,"column":0},"end":{"line":1,"column":20}},"1":{"start":{"line":2,"column":0},"end":{"line":2,"column":0}},"2":{"start":{"line":3,"column":0},"end":{"line":3,"column":0}},"3":{"start":{"line":4,"column":0},"end":{"line":4,"column":52}},"4":{"start":{"line":5,"column":0},"end":{"line":5,"column":60}},"5":{"start":{"line":6,"column":0},"end":{"line":6,"column":0}},"6":{"start":{"line":7,"column":0},"end":{"line":7,"column":60}},"7":{"start":{"line":8,"column":0},"end":{"line":8,"column":0}},"8":{"start":{"line":9,"column":0},"end":{"line":9,"column":28}},"9":{"start":{"line":10,"column":0},"end":{"line":10,"column":30}},"10":{"start":{"line":11,"column":0},"end":{"line":11,"column":31}},"11":{"start":{"line":12,"column":0},"end":{"line":12,"column":42}},"12":{"start":{"line":13,"column":0},"end":{"line":13,"column":55}},"13":{"start":{"line":14,"column":0},"end":{"line":14,"column":37}},"14":{"start":{"line":15,"column":0},"end":{"line":15,"column":29}},"15":{"start":{"line":16,"column":0},"end":{"line":16,"column":0}},"16":{"start":{"line":17,"column":0},"end":{"line":17,"column":121}},"17":{"start":{"line":18,"column":0},"end":{"line":18,"column":0}},"18":{"start":{"line":19,"column":0},"end":{"line":19,"column":30}},"19":{"start":{"line":20,"column":0},"end":{"line":20,"column":29}},"20":{"start":{"line":21,"column":0},"end":{"line":21,"column":71}},"21":{"start":{"line":22,"column":0},"end":{"line":22,"column":40}},"22":{"start":{"line":23,"column":0},"end":{"line":23,"column":53}},"23":{"start":{"line":24,"column":0},"end":{"line":24,"column":56}},"24":{"start":{"line":25,"column":0},"end":{"line":25,"column":11}},"25":{"start":{"line":26,"column":0},"end":{"line":26,"column":1}},"26":{"start":{"line":27,"column":0},"end":{"line":27,"column":0}},"27":{"start":{"line":28,"column":0},"end":{"line":28,"column":18}},"28":{"start":{"line":29,"column":0},"end":{"line":29,"column":18}},"29":{"start":{"line":30,"column":0},"end":{"line":30,"column":28}},"30":{"start":{"line":31,"column":0},"end":{"line":31,"column":0}},"31":{"start":{"line":32,"column":0},"end":{"line":32,"column":16}},"32":{"start":{"line":33,"column":0},"end":{"line":33,"column":15}},"33":{"start":{"line":34,"column":0},"end":{"line":34,"column":10}},"34":{"start":{"line":35,"column":0},"end":{"line":35,"column":15}},"35":{"start":{"line":36,"column":0},"end":{"line":36,"column":2}},"36":{"start":{"line":37,"column":0},"end":{"line":37,"column":0}},"37":{"start":{"line":38,"column":0},"end":{"line":38,"column":26}},"38":{"start":{"line":39,"column":0},"end":{"line":39,"column":31}},"39":{"start":{"line":40,"column":0},"end":{"line":40,"column":39}},"40":{"start":{"line":41,"column":0},"end":{"line":41,"column":39}},"41":{"start":{"line":42,"column":0},"end":{"line":42,"column":0}},"42":{"start":{"line":43,"column":0},"end":{"line":43,"column":63}},"43":{"start":{"line":44,"column":0},"end":{"line":44,"column":93}},"44":{"start":{"line":45,"column":0},"end":{"line":45,"column":34}},"45":{"start":{"line":46,"column":0},"end":{"line":46,"column":177}},"46":{"start":{"line":47,"column":0},"end":{"line":47,"column":3}},"47":{"start":{"line":48,"column":0},"end":{"line":48,"column":0}},"48":{"start":{"line":49,"column":0},"end":{"line":49,"column":15}},"49":{"start":{"line":50,"column":0},"end":{"line":50,"column":34}},"50":{"start":{"line":51,"column":0},"end":{"line":51,"column":75}},"51":{"start":{"line":52,"column":0},"end":{"line":52,"column":24}},"52":{"start":{"line":53,"column":0},"end":{"line":53,"column":13}},"53":{"start":{"line":54,"column":0},"end":{"line":54,"column":3}},"54":{"start":{"line":55,"column":0},"end":{"line":55,"column":0}},"55":{"start":{"line":56,"column":0},"end":{"line":56,"column":29}},"56":{"start":{"line":57,"column":0},"end":{"line":57,"column":27}},"57":{"start":{"line":58,"column":0},"end":{"line":58,"column":54}},"58":{"start":{"line":59,"column":0},"end":{"line":59,"column":36}},"59":{"start":{"line":60,"column":0},"end":{"line":60,"column":68}},"60":{"start":{"line":61,"column":0},"end":{"line":61,"column":7}},"61":{"start":{"line":62,"column":0},"end":{"line":62,"column":15}},"62":{"start":{"line":63,"column":0},"end":{"line":63,"column":7}},"63":{"start":{"line":64,"column":0},"end":{"line":64,"column":3}},"64":{"start":{"line":65,"column":0},"end":{"line":65,"column":0}},"65":{"start":{"line":66,"column":0},"end":{"line":66,"column":21}},"66":{"start":{"line":67,"column":0},"end":{"line":67,"column":27}},"67":{"start":{"line":68,"column":0},"end":{"line":68,"column":14}},"68":{"start":{"line":69,"column":0},"end":{"line":69,"column":26}},"69":{"start":{"line":70,"column":0},"end":{"line":70,"column":29}},"70":{"start":{"line":71,"column":0},"end":{"line":71,"column":25}},"71":{"start":{"line":72,"column":0},"end":{"line":72,"column":28}},"72":{"start":{"line":73,"column":0},"end":{"line":73,"column":0}},"73":{"start":{"line":74,"column":0},"end":{"line":74,"column":78}},"74":{"start":{"line":75,"column":0},"end":{"line":75,"column":15}},"75":{"start":{"line":76,"column":0},"end":{"line":76,"column":80}},"76":{"start":{"line":77,"column":0},"end":{"line":77,"column":18}},"77":{"start":{"line":78,"column":0},"end":{"line":78,"column":13}},"78":{"start":{"line":79,"column":0},"end":{"line":79,"column":3}},"79":{"start":{"line":80,"column":0},"end":{"line":80,"column":0}},"80":{"start":{"line":81,"column":0},"end":{"line":81,"column":15}},"81":{"start":{"line":82,"column":0},"end":{"line":82,"column":32}},"82":{"start":{"line":83,"column":0},"end":{"line":83,"column":73}},"83":{"start":{"line":84,"column":0},"end":{"line":84,"column":23}},"84":{"start":{"line":85,"column":0},"end":{"line":85,"column":13}},"85":{"start":{"line":86,"column":0},"end":{"line":86,"column":3}},"86":{"start":{"line":87,"column":0},"end":{"line":87,"column":0}},"87":{"start":{"line":88,"column":0},"end":{"line":88,"column":32}},"88":{"start":{"line":89,"column":0},"end":{"line":89,"column":20}},"89":{"start":{"line":90,"column":0},"end":{"line":90,"column":1}},"90":{"start":{"line":91,"column":0},"end":{"line":91,"column":0}},"91":{"start":{"line":92,"column":0},"end":{"line":92,"column":61}},"92":{"start":{"line":93,"column":0},"end":{"line":93,"column":62}},"93":{"start":{"line":94,"column":0},"end":{"line":94,"column":0}},"94":{"start":{"line":95,"column":0},"end":{"line":95,"column":31}},"95":{"start":{"line":96,"column":0},"end":{"line":96,"column":42}},"96":{"start":{"line":97,"column":0},"end":{"line":97,"column":49}},"97":{"start":{"line":98,"column":0},"end":{"line":98,"column":39}},"98":{"start":{"line":99,"column":0},"end":{"line":99,"column":51}}},"s":{"0":0,"1":0,"2":0,"3":0,"4":0,"5":0,"6":0,"7":0,"8":0,"9":0,"10":0,"11":0,"12":0,"13":0,"14":0,"15":0,"16":0,"17":0,"18":0,"19":0,"20":0,"21":0,"22":0,"23":0,"24":0,"25":0,"26":0,"27":0,"28":0,"29":0,"30":0,"31":0,"32":0,"33":0,"34":0,"35":0,"36":0,"37":0,"38":0,"39":0,"40":0,"41":0,"42":0,"43":0,"44":0,"45":0,"46":0,"47":0,"48":0,"49":0,"50":0,"51":0,"52":0,"53":0,"54":0,"55":0,"56":0,"57":0,"58":0,"59":0,"60":0,"61":0,"62":0,"63":0,"64":0,"65":0,"66":0,"67":0,"68":0,"69":0,"70":0,"71":0,"72":0,"73":0,"74":0,"75":0,"76":0,"77":0,"78":0,"79":0,"80":0,"81":0,"82":0,"83":0,"84":0,"85":0,"86":0,"87":0,"88":0,"89":0,"90":0,"91":0,"92":0,"93":0,"94":0,"95":0,"96":0,"97":0,"98":0},"branchMap":{"0":{"type":"branch","line":1,"loc":{"start":{"line":1,"column":0},"end":{"line":99,"column":-102}},"locations":[{"start":{"line":1,"column":0},"end":{"line":99,"column":-102}}]}},"b":{"0":[0]},"fnMap":{"0":{"name":"(empty-report)","decl":{"start":{"line":1,"column":0},"end":{"line":99,"column":-102}},"loc":{"start":{"line":1,"column":0},"end":{"line":99,"column":-102}},"line":1}},"f":{"0":0}}
,"C:\\Users\\david\\Downloads\\ScaryJubilantParallelprocessing\\ScaryJubilantParallelprocessing\\lib\\karlCitations.js": {"path":"C:\\Users\\david\\Downloads\\ScaryJubilantParallelprocessing\\ScaryJubilantParallelprocessing\\lib\\karlCitations.js","all":false,"statementMap":{"0":{"start":{"line":1,"column":0},"end":{"line":1,"column":34}},"4":{"start":{"line":5,"column":0},"end":{"line":5,"column":63}},"6":{"start":{"line":7,"column":0},"end":{"line":7,"column":20}},"7":{"start":{"line":8,"column":0},"end":{"line":8,"column":24}},"8":{"start":{"line":9,"column":0},"end":{"line":9,"column":32}},"9":{"start":{"line":10,"column":0},"end":{"line":10,"column":80}},"10":{"start":{"line":11,"column":0},"end":{"line":11,"column":29}},"11":{"start":{"line":12,"column":0},"end":{"line":12,"column":46}},"12":{"start":{"line":13,"column":0},"end":{"line":13,"column":18}},"13":{"start":{"line":14,"column":0},"end":{"line":14,"column":1}},"15":{"start":{"line":16,"column":0},"end":{"line":16,"column":3}},"16":{"start":{"line":17,"column":0},"end":{"line":17,"column":71}},"17":{"start":{"line":18,"column":0},"end":{"line":18,"column":91}},"18":{"start":{"line":19,"column":0},"end":{"line":19,"column":3}},"19":{"start":{"line":20,"column":0},"end":{"line":20,"column":40}},"20":{"start":{"line":21,"column":0},"end":{"line":21,"column":102}},"21":{"start":{"line":22,"column":0},"end":{"line":22,"column":14}},"22":{"start":{"line":23,"column":0},"end":{"line":23,"column":3}},"23":{"start":{"line":24,"column":0},"end":{"line":24,"column":32}},"24":{"start":{"line":25,"column":0},"end":{"line":25,"column":33}},"26":{"start":{"line":27,"column":0},"end":{"line":27,"column":39}},"27":{"start":{"line":28,"column":0},"end":{"line":28,"column":67}},"28":{"start":{"line":29,"column":0},"end":{"line":29,"column":55}},"29":{"start":{"line":30,"column":0},"end":{"line":30,"column":67}},"30":{"start":{"line":31,"column":0},"end":{"line":31,"column":72}},"31":{"start":{"line":32,"column":0},"end":{"line":32,"column":5}},"33":{"start":{"line":34,"column":0},"end":{"line":34,"column":10}},"35":{"start":{"line":36,"column":0},"end":{"line":36,"column":3}},"36":{"start":{"line":37,"column":0},"end":{"line":37,"column":128}},"37":{"start":{"line":38,"column":0},"end":{"line":38,"column":21}},"38":{"start":{"line":39,"column":0},"end":{"line":39,"column":3}},"39":{"start":{"line":40,"column":0},"end":{"line":40,"column":179}},"40":{"start":{"line":41,"column":0},"end":{"line":41,"column":1}},"42":{"start":{"line":43,"column":0},"end":{"line":43,"column":78}},"43":{"start":{"line":44,"column":0},"end":{"line":44,"column":43}},"44":{"start":{"line":45,"column":0},"end":{"line":45,"column":39}},"45":{"start":{"line":46,"column":0},"end":{"line":46,"column":72}},"46":{"start":{"line":47,"column":0},"end":{"line":47,"column":56}},"47":{"start":{"line":48,"column":0},"end":{"line":48,"column":27}},"48":{"start":{"line":49,"column":0},"end":{"line":49,"column":1}},"50":{"start":{"line":51,"column":0},"end":{"line":51,"column":97}},"52":{"start":{"line":53,"column":0},"end":{"line":53,"column":93}},"53":{"start":{"line":54,"column":0},"end":{"line":54,"column":52}},"54":{"start":{"line":55,"column":0},"end":{"line":55,"column":61}},"55":{"start":{"line":56,"column":0},"end":{"line":56,"column":31}},"56":{"start":{"line":57,"column":0},"end":{"line":57,"column":63}},"57":{"start":{"line":58,"column":0},"end":{"line":58,"column":82}},"58":{"start":{"line":59,"column":0},"end":{"line":59,"column":82}},"59":{"start":{"line":60,"column":0},"end":{"line":60,"column":46}},"60":{"start":{"line":61,"column":0},"end":{"line":61,"column":86}},"61":{"start":{"line":62,"column":0},"end":{"line":62,"column":46}},"62":{"start":{"line":63,"column":0},"end":{"line":63,"column":15}},"63":{"start":{"line":64,"column":0},"end":{"line":64,"column":1}},"65":{"start":{"line":66,"column":0},"end":{"line":66,"column":57}},"66":{"start":{"line":67,"column":0},"end":{"line":67,"column":70}},"67":{"start":{"line":68,"column":0},"end":{"line":68,"column":1}},"69":{"start":{"line":70,"column":0},"end":{"line":70,"column":3}},"70":{"start":{"line":71,"column":0},"end":{"line":71,"column":121}},"71":{"start":{"line":72,"column":0},"end":{"line":72,"column":74}},"72":{"start":{"line":73,"column":0},"end":{"line":73,"column":72}},"73":{"start":{"line":74,"column":0},"end":{"line":74,"column":3}},"74":{"start":{"line":75,"column":0},"end":{"line":75,"column":62}},"75":{"start":{"line":76,"column":0},"end":{"line":76,"column":102}},"76":{"start":{"line":77,"column":0},"end":{"line":77,"column":22}},"77":{"start":{"line":78,"column":0},"end":{"line":78,"column":3}},"78":{"start":{"line":79,"column":0},"end":{"line":79,"column":71}},"80":{"start":{"line":81,"column":0},"end":{"line":81,"column":83}},"81":{"start":{"line":82,"column":0},"end":{"line":82,"column":75}},"82":{"start":{"line":83,"column":0},"end":{"line":83,"column":86}},"83":{"start":{"line":84,"column":0},"end":{"line":84,"column":75}},"85":{"start":{"line":86,"column":0},"end":{"line":86,"column":107}},"87":{"start":{"line":88,"column":0},"end":{"line":88,"column":61}},"88":{"start":{"line":89,"column":0},"end":{"line":89,"column":65}},"90":{"start":{"line":91,"column":0},"end":{"line":91,"column":32}},"91":{"start":{"line":92,"column":0},"end":{"line":92,"column":20}},"92":{"start":{"line":93,"column":0},"end":{"line":93,"column":57}},"93":{"start":{"line":94,"column":0},"end":{"line":94,"column":22}},"94":{"start":{"line":95,"column":0},"end":{"line":95,"column":135}},"96":{"start":{"line":97,"column":0},"end":{"line":97,"column":37}},"97":{"start":{"line":98,"column":0},"end":{"line":98,"column":134}},"99":{"start":{"line":100,"column":0},"end":{"line":100,"column":72}},"100":{"start":{"line":101,"column":0},"end":{"line":101,"column":23}},"101":{"start":{"line":102,"column":0},"end":{"line":102,"column":3}},"103":{"start":{"line":104,"column":0},"end":{"line":104,"column":37}},"104":{"start":{"line":105,"column":0},"end":{"line":105,"column":1}}},"s":{"0":1,"4":1,"6":1,"7":1,"8":1,"9":1,"10":1,"11":1,"12":1,"13":1,"15":1,"16":1,"17":1,"18":1,"19":1,"20":0,"21":0,"22":0,"23":0,"24":0,"26":0,"27":0,"28":0,"29":0,"30":0,"31":0,"33":0,"35":0,"36":0,"37":0,"38":0,"39":0,"40":0,"42":1,"43":1,"44":0,"45":0,"46":0,"47":0,"48":0,"50":1,"52":1,"53":1,"54":6,"55":6,"56":6,"57":6,"58":6,"59":6,"60":6,"61":6,"62":1,"63":1,"65":1,"66":3,"67":3,"69":1,"70":1,"71":1,"72":1,"73":1,"74":1,"75":3,"76":1,"77":1,"78":3,"80":3,"81":3,"82":3,"83":3,"85":3,"87":3,"88":3,"90":1,"91":1,"92":3,"93":3,"94":3,"96":3,"97":3,"99":3,"100":1,"101":1,"103":1,"104":1},"branchMap":{"0":{"type":"branch","line":8,"loc":{"start":{"line":8,"column":0},"end":{"line":14,"column":1}},"locations":[{"start":{"line":8,"column":0},"end":{"line":14,"column":1}}]},"1":{"type":"branch","line":9,"loc":{"start":{"line":9,"column":16},"end":{"line":9,"column":32}},"locations":[{"start":{"line":9,"column":16},"end":{"line":9,"column":32}}]},"2":{"type":"branch","line":12,"loc":{"start":{"line":12,"column":32},"end":{"line":12,"column":46}},"locations":[{"start":{"line":12,"column":32},"end":{"line":12,"column":46}}]},"3":{"type":"branch","line":54,"loc":{"start":{"line":54,"column":7},"end":{"line":64,"column":1}},"locations":[{"start":{"line":54,"column":7},"end":{"line":64,"column":1}}]},"4":{"type":"branch","line":55,"loc":{"start":{"line":55,"column":48},"end":{"line":55,"column":61}},"locations":[{"start":{"line":55,"column":48},"end":{"line":55,"column":61}}]},"5":{"type":"branch","line":57,"loc":{"start":{"line":57,"column":25},"end":{"line":57,"column":49}},"locations":[{"start":{"line":57,"column":25},"end":{"line":57,"column":49}}]},"6":{"type":"branch","line":57,"loc":{"start":{"line":57,"column":51},"end":{"line":57,"column":63}},"locations":[{"start":{"line":57,"column":51},"end":{"line":57,"column":63}}]},"7":{"type":"branch","line":57,"loc":{"start":{"line":57,"column":62},"end":{"line":58,"column":32}},"locations":[{"start":{"line":57,"column":62},"end":{"line":58,"column":32}}]},"8":{"type":"branch","line":58,"loc":{"start":{"line":58,"column":32},"end":{"line":58,"column":68}},"locations":[{"start":{"line":58,"column":32},"end":{"line":58,"column":68}}]},"9":{"type":"branch","line":58,"loc":{"start":{"line":58,"column":70},"end":{"line":59,"column":32}},"locations":[{"start":{"line":58,"column":70},"end":{"line":59,"column":32}}]},"10":{"type":"branch","line":59,"loc":{"start":{"line":59,"column":32},"end":{"line":59,"column":68}},"locations":[{"start":{"line":59,"column":32},"end":{"line":59,"column":68}}]},"11":{"type":"branch","line":59,"loc":{"start":{"line":59,"column":70},"end":{"line":59,"column":82}},"locations":[{"start":{"line":59,"column":70},"end":{"line":59,"column":82}}]},"12":{"type":"branch","line":59,"loc":{"start":{"line":59,"column":81},"end":{"line":60,"column":34}},"locations":[{"start":{"line":59,"column":81},"end":{"line":60,"column":34}}]},"13":{"type":"branch","line":60,"loc":{"start":{"line":60,"column":34},"end":{"line":60,"column":46}},"locations":[{"start":{"line":60,"column":34},"end":{"line":60,"column":46}}]},"14":{"type":"branch","line":60,"loc":{"start":{"line":60,"column":45},"end":{"line":61,"column":28}},"locations":[{"start":{"line":60,"column":45},"end":{"line":61,"column":28}}]},"15":{"type":"branch","line":61,"loc":{"start":{"line":61,"column":28},"end":{"line":61,"column":72}},"locations":[{"start":{"line":61,"column":28},"end":{"line":61,"column":72}}]},"16":{"type":"branch","line":61,"loc":{"start":{"line":61,"column":74},"end":{"line":61,"column":86}},"locations":[{"start":{"line":61,"column":74},"end":{"line":61,"column":86}}]},"17":{"type":"branch","line":61,"loc":{"start":{"line":61,"column":85},"end":{"line":62,"column":34}},"locations":[{"start":{"line":61,"column":85},"end":{"line":62,"column":34}}]},"18":{"type":"branch","line":62,"loc":{"start":{"line":62,"column":34},"end":{"line":62,"column":46}},"locations":[{"start":{"line":62,"column":34},"end":{"line":62,"column":46}}]},"19":{"type":"branch","line":62,"loc":{"start":{"line":62,"column":45},"end":{"line":64,"column":1}},"locations":[{"start":{"line":62,"column":45},"end":{"line":64,"column":1}}]},"20":{"type":"branch","line":66,"loc":{"start":{"line":66,"column":7},"end":{"line":68,"column":1}},"locations":[{"start":{"line":66,"column":7},"end":{"line":68,"column":1}}]},"21":{"type":"branch","line":75,"loc":{"start":{"line":75,"column":7},"end":{"line":105,"column":1}},"locations":[{"start":{"line":75,"column":7},"end":{"line":105,"column":1}}]},"22":{"type":"branch","line":76,"loc":{"start":{"line":76,"column":50},"end":{"line":76,"column":99}},"locations":[{"start":{"line":76,"column":50},"end":{"line":76,"column":99}}]},"23":{"type":"branch","line":76,"loc":{"start":{"line":76,"column":101},"end":{"line":78,"column":3}},"locations":[{"start":{"line":76,"column":101},"end":{"line":78,"column":3}}]},"24":{"type":"branch","line":78,"loc":{"start":{"line":78,"column":2},"end":{"line":79,"column":51}},"locations":[{"start":{"line":78,"column":2},"end":{"line":79,"column":51}}]},"25":{"type":"branch","line":79,"loc":{"start":{"line":79,"column":53},"end":{"line":79,"column":71}},"locations":[{"start":{"line":79,"column":53},"end":{"line":79,"column":71}}]},"26":{"type":"branch","line":79,"loc":{"start":{"line":79,"column":70},"end":{"line":81,"column":77}},"locations":[{"start":{"line":79,"column":70},"end":{"line":81,"column":77}}]},"27":{"type":"branch","line":81,"loc":{"start":{"line":81,"column":78},"end":{"line":81,"column":82}},"locations":[{"start":{"line":81,"column":78},"end":{"line":81,"column":82}}]},"28":{"type":"branch","line":82,"loc":{"start":{"line":82,"column":50},"end":{"line":82,"column":69}},"locations":[{"start":{"line":82,"column":50},"end":{"line":82,"column":69}}]},"29":{"type":"branch","line":82,"loc":{"start":{"line":82,"column":70},"end":{"line":82,"column":74}},"locations":[{"start":{"line":82,"column":70},"end":{"line":82,"column":74}}]},"30":{"type":"branch","line":83,"loc":{"start":{"line":83,"column":54},"end":{"line":83,"column":80}},"locations":[{"start":{"line":83,"column":54},"end":{"line":83,"column":80}}]},"31":{"type":"branch","line":83,"loc":{"start":{"line":83,"column":81},"end":{"line":83,"column":85}},"locations":[{"start":{"line":83,"column":81},"end":{"line":83,"column":85}}]},"32":{"type":"branch","line":84,"loc":{"start":{"line":84,"column":50},"end":{"line":84,"column":69}},"locations":[{"start":{"line":84,"column":50},"end":{"line":84,"column":69}}]},"33":{"type":"branch","line":84,"loc":{"start":{"line":84,"column":70},"end":{"line":84,"column":74}},"locations":[{"start":{"line":84,"column":70},"end":{"line":84,"column":74}}]},"34":{"type":"branch","line":88,"loc":{"start":{"line":88,"column":43},"end":{"line":88,"column":61}},"locations":[{"start":{"line":
[...]
olumn":0},"end":{"line":28,"column":31}},"28":{"start":{"line":29,"column":0},"end":{"line":29,"column":28}},"30":{"start":{"line":31,"column":0},"end":{"line":31,"column":48}},"32":{"start":{"line":33,"column":0},"end":{"line":33,"column":9}},"33":{"start":{"line":34,"column":0},"end":{"line":34,"column":61}},"34":{"start":{"line":35,"column":0},"end":{"line":35,"column":17}},"35":{"start":{"line":36,"column":0},"end":{"line":36,"column":27}},"36":{"start":{"line":37,"column":0},"end":{"line":37,"column":25}},"37":{"start":{"line":38,"column":0},"end":{"line":38,"column":31}},"38":{"start":{"line":39,"column":0},"end":{"line":39,"column":55}},"39":{"start":{"line":40,"column":0},"end":{"line":40,"column":11}},"40":{"start":{"line":41,"column":0},"end":{"line":41,"column":20}},"41":{"start":{"line":42,"column":0},"end":{"line":42,"column":14}},"42":{"start":{"line":43,"column":0},"end":{"line":43,"column":95}},"43":{"start":{"line":44,"column":0},"end":{"line":44,"column":17}},"44":{"start":{"line":45,"column":0},"end":{"line":45,"column":7}},"45":{"start":{"line":46,"column":0},"end":{"line":46,"column":19}},"46":{"start":{"line":47,"column":0},"end":{"line":47,"column":71}},"47":{"start":{"line":48,"column":0},"end":{"line":48,"column":65}},"48":{"start":{"line":49,"column":0},"end":{"line":49,"column":15}},"49":{"start":{"line":50,"column":0},"end":{"line":50,"column":5}},"50":{"start":{"line":51,"column":0},"end":{"line":51,"column":3}},"52":{"start":{"line":53,"column":0},"end":{"line":53,"column":62}},"53":{"start":{"line":54,"column":0},"end":{"line":54,"column":1}},"61":{"start":{"line":62,"column":0},"end":{"line":62,"column":85}},"62":{"start":{"line":63,"column":0},"end":{"line":63,"column":48}},"63":{"start":{"line":64,"column":0},"end":{"line":64,"column":74}},"64":{"start":{"line":65,"column":0},"end":{"line":65,"column":32}},"66":{"start":{"line":67,"column":0},"end":{"line":67,"column":72}},"67":{"start":{"line":68,"column":0},"end":{"line":68,"column":65}},"68":{"start":{"line":69,"column":0},"end":{"line":69,"column":22}},"69":{"start":{"line":70,"column":0},"end":{"line":70,"column":21}},"70":{"start":{"line":71,"column":0},"end":{"line":71,"column":19}},"71":{"start":{"line":72,"column":0},"end":{"line":72,"column":13}},"72":{"start":{"line":73,"column":0},"end":{"line":73,"column":19}},"73":{"start":{"line":74,"column":0},"end":{"line":74,"column":36}},"74":{"start":{"line":75,"column":0},"end":{"line":75,"column":66}},"75":{"start":{"line":76,"column":0},"end":{"line":76,"column":63}},"76":{"start":{"line":77,"column":0},"end":{"line":77,"column":57}},"77":{"start":{"line":78,"column":0},"end":{"line":78,"column":60}},"78":{"start":{"line":79,"column":0},"end":{"line":79,"column":13}},"79":{"start":{"line":80,"column":0},"end":{"line":80,"column":13}},"80":{"start":{"line":81,"column":0},"end":{"line":81,"column":7}},"81":{"start":{"line":82,"column":0},"end":{"line":82,"column":6}},"82":{"start":{"line":83,"column":0},"end":{"line":83,"column":53}},"83":{"start":{"line":84,"column":0},"end":{"line":84,"column":17}},"85":{"start":{"line":86,"column":0},"end":{"line":86,"column":41}},"86":{"start":{"line":87,"column":0},"end":{"line":87,"column":24}},"87":{"start":{"line":88,"column":0},"end":{"line":88,"column":28}},"88":{"start":{"line":89,"column":0},"end":{"line":89,"column":21}},"89":{"start":{"line":90,"column":0},"end":{"line":90,"column":72}},"90":{"start":{"line":91,"column":0},"end":{"line":91,"column":22}},"91":{"start":{"line":92,"column":0},"end":{"line":92,"column":27}},"92":{"start":{"line":93,"column":0},"end":{"line":93,"column":46}},"94":{"start":{"line":95,"column":0},"end":{"line":95,"column":34}},"95":{"start":{"line":96,"column":0},"end":{"line":96,"column":27}},"96":{"start":{"line":97,"column":0},"end":{"line":97,"column":9}},"98":{"start":{"line":99,"column":0},"end":{"line":99,"column":49}},"99":{"start":{"line":100,"column":0},"end":{"line":100,"column":1}}},"s":{"0":1,"17":4,"18":4,"19":4,"20":4,"21":4,"22":4,"23":4,"24":4,"25":4,"27":4,"28":6,"30":5,"32":5,"33":5,"34":6,"35":4,"36":4,"37":4,"38":4,"39":4,"40":4,"41":6,"42":1,"43":1,"44":1,"45":6,"46":0,"47":0,"48":0,"49":0,"50":6,"52":4,"53":4,"61":1,"62":0,"63":0,"64":0,"66":0,"67":0,"68":0,"69":0,"70":0,"71":0,"72":0,"73":0,"74":0,"75":0,"76":0,"77":0,"78":0,"79":0,"80":0,"81":0,"82":0,"83":0,"85":0,"86":0,"87":0,"88":0,"89":0,"90":0,"91":0,"92":0,"94":0,"95":0,"96":0,"98":0,"99":0},"branchMap":{"0":{"type":"branch","line":18,"loc":{"start":{"line":18,"column":0},"end":{"line":54,"column":1}},"locations":[{"start":{"line":18,"column":0},"end":{"line":54,"column":1}}]},"1":{"type":"branch","line":28,"loc":{"start":{"line":28,"column":30},"end":{"line":51,"column":3}},"locations":[{"start":{"line":28,"column":30},"end":{"line":51,"column":3}}]},"2":{"type":"branch","line":29,"loc":{"start":{"line":29,"column":22},"end":{"line":29,"column":28}},"locations":[{"start":{"line":29,"column":22},"end":{"line":29,"column":28}}]},"3":{"type":"branch","line":29,"loc":{"start":{"line":29,"column":22},"end":{"line":35,"column":16}},"locations":[{"start":{"line":29,"column":22},"end":{"line":35,"column":16}}]},"4":{"type":"branch","line":35,"loc":{"start":{"line":35,"column":16},"end":{"line":42,"column":13}},"locations":[{"start":{"line":35,"column":16},"end":{"line":42,"column":13}}]},"5":{"type":"branch","line":39,"loc":{"start":{"line":39,"column":26},"end":{"line":39,"column":51}},"locations":[{"start":{"line":39,"column":26},"end":{"line":39,"column":51}}]},"6":{"type":"branch","line":39,"loc":{"start":{"line":39,"column":42},"end":{"line":39,"column":55}},"locations":[{"start":{"line":39,"column":42},"end":{"line":39,"column":55}}]},"7":{"type":"branch","line":42,"loc":{"start":{"line":42,"column":6},"end":{"line":45,"column":7}},"locations":[{"start":{"line":42,"column":6},"end":{"line":45,"column":7}}]},"8":{"type":"branch","line":46,"loc":{"start":{"line":46,"column":4},"end":{"line":50,"column":5}},"locations":[{"start":{"line":46,"column":4},"end":{"line":50,"column":5}}]},"9":{"type":"branch","line":24,"loc":{"start":{"line":24,"column":31},"end":{"line":24,"column":60}},"locations":[{"start":{"line":24,"column":31},"end":{"line":24,"column":60}}]}},"b":{"0":[4],"1":[6],"2":[1],"3":[5],"4":[4],"5":[3],"6":[1],"7":[1],"8":[0],"9":[8]},"fnMap":{"0":{"name":"runQueue","decl":{"start":{"line":18,"column":0},"end":{"line":54,"column":1}},"loc":{"start":{"line":18,"column":0},"end":{"line":54,"column":1}},"line":18},"1":{"name":"useQueueRunner","decl":{"start":{"line":62,"column":7},"end":{"line":100,"column":1}},"loc":{"start":{"line":62,"column":7},"end":{"line":100,"column":1}},"line":62}},"f":{"0":4,"1":0}}
,"C:\\Users\\david\\Downloads\\ScaryJubilantParallelprocessing\\ScaryJubilantParallelprocessing\\src\\hooks\\useVersionHistory.ts": {"path":"C:\\Users\\david\\Downloads\\ScaryJubilantParallelprocessing\\ScaryJubilantParallelprocessing\\src\\hooks\\useVersionHistory.ts","all":true,"statementMap":{"0":{"start":{"line":1,"column":0},"end":{"line":1,"column":46}},"4":{"start":{"line":5,"column":0},"end":{"line":5,"column":37}},"5":{"start":{"line":6,"column":0},"end":{"line":6,"column":74}},"6":{"start":{"line":7,"column":0},"end":{"line":7,"column":76}},"7":{"start":{"line":8,"column":0},"end":{"line":8,"column":62}},"9":{"start":{"line":10,"column":0},"end":{"line":10,"column":61}},"10":{"start":{"line":11,"column":0},"end":{"line":11,"column":29}},"11":{"start":{"line":12,"column":0},"end":{"line":12,"column":28}},"12":{"start":{"line":13,"column":0},"end":{"line":13,"column":9}},"13":{"start":{"line":14,"column":0},"end":{"line":14,"column":54}},"14":{"start":{"line":15,"column":0},"end":{"line":15,"column":35}},"15":{"start":{"line":16,"column":0},"end":{"line":16,"column":13}},"16":{"start":{"line":17,"column":0},"end":{"line":17,"column":29}},"17":{"start":{"line":18,"column":0},"end":{"line":18,"column":5}},"18":{"start":{"line":19,"column":0},"end":{"line":19,"column":29}},"19":{"start":{"line":20,"column":0},"end":{"line":20,"column":9}},"21":{"start":{"line":22,"column":0},"end":{"line":22,"column":44}},"22":{"start":{"line":23,"column":0},"end":{"line":23,"column":19}},"23":{"start":{"line":24,"column":0},"end":{"line":24,"column":22}},"24":{"start":{"line":25,"column":0},"end":{"line":25,"column":26}},"25":{"start":{"line":26,"column":0},"end":{"line":26,"column":41}},"26":{"start":{"line":27,"column":0},"end":{"line":27,"column":8}},"27":{"start":{"line":28,"column":0},"end":{"line":28,"column":170}},"28":{"start":{"line":29,"column":0},"end":{"line":29,"column":9}},"29":{"start":{"line":30,"column":0},"end":{"line":30,"column":72}},"30":{"start":{"line":31,"column":0},"end":{"line":31,"column":31}},"31":{"start":{"line":32,"column":0},"end":{"line":32,"column":29}},"32":{"start":{"line":33,"column":0},"end":{"line":33,"column":13}},"33":{"start":{"line":34,"column":0},"end":{"line":34,"column":60}},"34":{"start":{"line":35,"column":0},"end":{"line":35,"column":5}},"35":{"start":{"line":36,"column":0},"end":{"line":36,"column":9}},"37":{"start":{"line":38,"column":0},"end":{"line":38,"column":10}},"38":{"start":{"line":39,"column":0},"end":{"line":39,"column":18}},"39":{"start":{"line":40,"column":0},"end":{"line":40,"column":21}},"40":{"start":{"line":41,"column":0},"end":{"line":41,"column":20}},"41":{"start":{"line":42,"column":0},"end":{"line":42,"column":19}},"42":{"start":{"line":43,"column":0},"end":{"line":43,"column":16}},"43":{"start":{"line":44,"column":0},"end":{"line":44,"column":18}},"44":{"start":{"line":45,"column":0},"end":{"line":45,"column":4}},"45":{"start":{"line":46,"column":0},"end":{"line":46,"column":1}}},"s":{"0":0,"4":0,"5":0,"6":0,"7":0,"9":0,"10":0,"11":0,"12":0,"13":0,"14":0,"15":0,"16":0,"17":0,"18":0,"19":0,"21":0,"22":0,"23":0,"24":0,"25":0,"26":0,"27":0,"28":0,"29":0,"30":0,"31":0,"32":0,"33":0,"34":0,"35":0,"37":0,"38":0,"39":0,"40":0,"41":0,"42":0,"43":0,"44":0,"45":0},"branchMap":{"0":{"type":"branch","line":1,"loc":{"start":{"line":1,"column":0},"end":{"line":46,"column":-67}},"locations":[{"start":{"line":1,"column":0},"end":{"line":46,"column":-67}}]}},"b":{"0":[0]},"fnMap":{"0":{"name":"(empty-report)","decl":{"start":{"line":1,"column":0},"end":{"line":46,"column":-67}},"loc":{"start":{"line":1,"column":0},"end":{"line":46,"column":-67}},"line":1}},"f":{"0":0}}
,"C:\\Users\\david\\Downloads\\ScaryJubilantParallelprocessing\\ScaryJubilantParallelprocessing\\src\\services\\chatStream.ts": {"path":"C:\\Users\\david\\Downloads\\ScaryJubilantParallelprocessing\\ScaryJubilantParallelprocessing\\src\\services\\chatStream.ts","all":true,"statementMap":{"18":{"start":{"line":19,"column":0},"end":{"line":19,"column":103}},"19":{"start":{"line":20,"column":0},"end":{"line":20,"column":9}},"20":{"start":{"line":21,"column":0},"end":{"line":21,"column":8}},"21":{"start":{"line":22,"column":0},"end":{"line":22,"column":9}},"22":{"start":{"line":23,"column":0},"end":{"line":23,"column":17}},"23":{"start":{"line":24,"column":0},"end":{"line":24,"column":14}},"24":{"start":{"line":25,"column":0},"end":{"line":25,"column":16}},"25":{"start":{"line":26,"column":0},"end":{"line":26,"column":18}},"26":{"start":{"line":27,"column":0},"end":{"line":27,"column":17}},"27":{"start":{"line":28,"column":0},"end":{"line":28,"column":14}},"29":{"start":{"line":30,"column":0},"end":{"line":30,"column":40}},"30":{"start":{"line":31,"column":0},"end":{"line":31,"column":19}},"31":{"start":{"line":32,"column":0},"end":{"line":32,"column":52}},"32":{"start":{"line":33,"column":0},"end":{"line":33,"column":26}},"33":{"start":{"line":34,"column":0},"end":{"line":34,"column":40}},"34":{"start":{"line":35,"column":0},"end":{"line":35,"column":23}},"35":{"start":{"line":36,"column":0},"end":{"line":36,"column":19}},"36":{"start":{"line":37,"column":0},"end":{"line":37,"column":27}},"37":{"start":{"line":38,"column":0},"end":{"line":38,"column":48}},"38":{"start":{"line":39,"column":0},"end":{"line":39,"column":6}},"39":{"start":{"line":40,"column":0},"end":{"line":40,"column":5}},"41":{"start":{"line":42,"column":0},"end":{"line":42,"column":16}},"42":{"start":{"line":43,"column":0},"end":{"line":43,"column":37}},"43":{"start":{"line":44,"column":0},"end":{"line":44,"column":53}},"44":{"start":{"line":45,"column":0},"end":{"line":45,"column":3}},"46":{"start":{"line":47,"column":0},"end":{"line":47,"column":39}},"47":{"start":{"line":48,"column":0},"end":{"line":48,"column":32}},"48":{"start":{"line":49,"column":0},"end":{"line":49,"column":20}},"49":{"start":{"line":50,"column":0},"end":{"line":50,"column":22}},"51":{"start":{"line":52,"column":0},"end":{"line":52,"column":105}},"53":{"start":{"line":54,"column":0},"end":{"line":54,"column":16}},"54":{"start":{"line":55,"column":0},"end":{"line":55,"column":48}},"55":{"start":{"line":56,"column":0},"end":{"line":56,"column":20}},"57":{"start":{"line":58,"column":0},"end":{"line":58,"column":55}},"58":{"start":{"line":59,"column":0},"end":{"line":59,"column":47}},"59":{"start":{"line":60,"column":0},"end":{"line":60,"column":30}},"60":{"start":{"line":61,"column":0},"end":{"line":61,"column":35}},"62":{"start":{"line":63,"column":0},"end":{"line":63,"column":11}},"63":{"start":{"line":64,"column":0},"end":{"line":64,"column":47}},"64":{"start":{"line":65,"column":0},"end":{"line":65,"column":110}},"65":{"start":{"line":66,"column":0},"end":{"line":66,"column":25}},"66":{"start":{"line":67,"column":0},"end":{"line":67,"column":48}},"67":{"start":{"line":68,"column":0},"end":{"line":68,"column":56}},"68":{"start":{"line":69,"column":0},"end":{"line":69,"column":9}},"69":{"start":{"line":70,"column":0},"end":{"line":70,"column":89}},"70":{"start":{"line":71,"column":0},"end":{"line":71,"column":56}},"71":{"start":{"line":72,"column":0},"end":{"line":72,"column":9}},"72":{"start":{"line":73,"column":0},"end":{"line":73,"column":81}},"73":{"start":{"line":74,"column":0},"end":{"line":74,"column":47}},"74":{"start":{"line":75,"column":0},"end":{"line":75,"column":33}},"75":{"start":{"line":76,"column":0},"end":{"line":76,"column":40}},"77":{"start":{"line":78,"column":0},"end":{"line":78,"column":36}},"78":{"start":{"line":79,"column":0},"end":{"line":79,"column":79}},"79":{"start":{"line":80,"column":0},"end":{"line":80,"column":32}},"80":{"start":{"line":81,"column":0},"end":{"line":81,"column":44}},"81":{"start":{"line":82,"column":0},"end":{"line":82,"column":24}},"82":{"start":{"line":83,"column":0},"end":{"line":83,"column":43}},"83":{"start":{"line":84,"column":0},"end":{"line":84,"column":26}},"84":{"start":{"line":85,"column":0},"end":{"line":85,"column":49}},"85":{"start":{"line":86,"column":0},"end":{"line":86,"column":41}},"86":{"start":{"line":87,"column":0},"end":{"line":87,"column":32}},"87":{"start":{"line":88,"column":0},"end":{"line":88,"column":18}},"88":{"start":{"line":89,"column":0},"end":{"line":89,"column":79}},"89":{"start":{"line":90,"column":0},"end":{"line":90,"column":126}},"90":{"start":{"line":91,"column":0},"end":{"line":91,"column":11}},"91":{"start":{"line":92,"column":0},"end":{"line":92,"column":9}},"92":{"start":{"line":93,"column":0},"end":{"line":93,"column":15}},"94":{"start":{"line":95,"column":0},"end":{"line":95,"column":7}},"95":{"start":{"line":96,"column":0},"end":{"line":96,"column":5}},"96":{"start":{"line":97,"column":0},"end":{"line":97,"column":3}},"98":{"start":{"line":99,"column":0},"end":{"line":99,"column":21}},"99":{"start":{"line":100,"column":0},"end":{"line":100,"column":1}}},"s":{"18":0,"19":0,"20":0,"21":0,"22":0,"23":0,"24":0,"25":0,"26":0,"27":0,"29":0,"30":0,"31":0,"32":0,"33":0,"34":0,"35":0,"36":0,"37":0,"38":0,"39":0,"41":0,"42":0,"43":0,"44":0,"46":0,"47":0,"48":0,"49":0,"51":0,"53":0,"54":0,"55":0,"57":0,"58":0,"59":0,"60":0,"62":0,"63":0,"64":0,"65":0,"66":0,"67":0,"68":0,"69":0,"70":0,"71":0,"72":0,"73":0,"74":0,"75":0,"77":0,"78":0,"79":0,"80":0,"81":0,"82":0,"83":0,"84":0,"85":0,"86":0,"87":0,"88":0,"89":0,"90":0,"91":0,"92":0,"94":0,"95":0,"96":0,"98":0,"99":0},"branchMap":{"0":{"type":"branch","line":1,"loc":{"start":{"line":1,"column":3169},"end":{"line":100,"column":1}},"locations":[{"start":{"line":1,"column":3169},"end":{"line":100,"column":1}}]}},"b":{"0":[1]},"fnMap":{"0":{"name":"(empty-report)","decl":{"start":{"line":1,"column":3169},"end":{"line":100,"column":1}},"loc":{"start":{"line":1,"column":3169},"end":{"line":100,"column":1}},"line":1}},"f":{"0":1}}
,"C:\\Users\\david\\Downloads\\ScaryJubilantParallelprocessing\\ScaryJubilantParallelprocessing\\src\\services\\pageParser.ts": {"path":"C:\\Users\\david\\Downloads\\ScaryJubilantParallelprocessing\\ScaryJubilantParallelprocessing\\src\\services\\pageParser.ts","all":true,"statementMap":{"0":{"start":{"line":1,"column":0},"end":{"line":1,"column":58}},"8":{"start":{"line":9,"column":0},"end":{"line":9,"column":57}},"16":{"start":{"line":17,"column":0},"end":{"line":17,"column":4}},"17":{"start":{"line":18,"column":0},"end":{"line":18,"column":78}},"19":{"start":{"line":20,"column":0},"end":{"line":20,"column":46}},"20":{"start":{"line":21,"column":0},"end":{"line":21,"column":68}},"21":{"start":{"line":22,"column":0},"end":{"line":22,"column":64}},"23":{"start":{"line":24,"column":0},"end":{"line":24,"column":20}},"24":{"start":{"line":25,"column":0},"end":{"line":25,"column":48}},"25":{"start":{"line":26,"column":0},"end":{"line":26,"column":21}},"26":{"start":{"line":27,"column":0},"end":{"line":27,"column":54}},"27":{"start":{"line":28,"column":0},"end":{"line":28,"column":28}},"28":{"start":{"line":29,"column":0},"end":{"line":29,"column":42}},"29":{"start":{"line":30,"column":0},"end":{"line":30,"column":25}},"30":{"start":{"line":31,"column":0},"end":{"line":31,"column":22}},"31":{"start":{"line":32,"column":0},"end":{"line":32,"column":29}},"32":{"start":{"line":33,"column":0},"end":{"line":33,"column":122}},"33":{"start":{"line":34,"column":0},"end":{"line":34,"column":8}},"34":{"start":{"line":35,"column":0},"end":{"line":35,"column":7}},"36":{"start":{"line":37,"column":0},"end":{"line":37,"column":23}},"37":{"start":{"line":38,"column":0},"end":{"line":38,"column":70}},"38":{"start":{"line":39,"column":0},"end":{"line":39,"column":91}},"39":{"start":{"line":40,"column":0},"end":{"line":40,"column":54}},"40":{"start":{"line":41,"column":0},"end":{"line":41,"column":68}},"41":{"start":{"line":42,"column":0},"end":{"line":42,"column":5}},"42":{"start":{"line":43,"column":0},"end":{"line":43,"column":3}},"44":{"start":{"line":45,"column":0},"end":{"line":45,"column":33}},"45":{"start":{"line":46,"column":0},"end":{"line":46,"column":1}}},"s":{"0":0,"8":0,"16":0,"17":0,"19":0,"20":0,"21":0,"23":0,"24":0,"25":0,"26":0,"27":0,"28":0,"29":0,"30":0,"31":0,"32":0,"33":0,"34":0,"36":0,"37":0,"38":0,"39":0,"40":0,"41":0,"42":0,"44":0,"45":0},"branchMap":{"0":{"type":"branch","line":1,"loc":{"start":{"line":1,"column":1549},"end":{"line":46,"column":1}},"locations":[{"start":{"line":1,"column":1549},"end":{"line":46,"column":1}}]}},"b":{"0":[0]},"fnMap":{"0":{"name":"(empty-report)","decl":{"start":{"line":1,"column":1549},"end":{"line":46,"column":1}},"loc":{"start":{"line":1,"column":1549},"end":{"line":46,"column":1}},"line":1}},"f":{"0":0}}
,"C:\\Users\\david\\Downloads\\ScaryJubilantParallelprocessing\\ScaryJubilantParallelprocessing\\src\\state\\appTypes.ts": {"path":"C:\\Users\\david\\Downloads\\ScaryJubilantParallelprocessing\\ScaryJubilantParallelprocessing\\src\\state\\appTypes.ts","all":true,"statementMap":{},"s":{},"branchMap":{"0":{"type":"branch","line":1,"loc":{"start":{"line":1,"column":100},"end":{"line":5,"column":2}},"locations":[{"start":{"line":1,"column":100},"end":{"line":5,"column":2}}]}},"b":{"0":[1]},"fnMap":{"0":{"name":"(empty-report)","decl":{"start":{"line":1,"column":100},"end":{"line":5,"column":2}},"loc":{"start":{"line":1,"column":100},"end":{"line":5,"column":2}},"line":1}},"f":{"0":1}}
}
